 Process in group number            1
 A PDF is used, so alpha_s(MZ) is going to be modified
 Old value of alpha_s from param_card:   0.11839999999999999     
  ****************************************
 
       NNPDFDriver version 1.0.3
   Grid: NNPDF23_lo_as_0130_qed_mem0.grid
  ****************************************
 New value of alpha_s from PDF nn23lo1:  0.13000000000000000     
 Define smin to   100.00000000000000     
 Define smin to   100.00000000000000     
 *****************************************************
 *               MadGraph/MadEvent                   *
 *        --------------------------------           *
 *          http://madgraph.hep.uiuc.edu             *
 *          http://madgraph.phys.ucl.ac.be           *
 *          http://madgraph.roma2.infn.it            *
 *        --------------------------------           *
 *                                                   *
 *          PARAMETER AND COUPLING VALUES            *
 *                                                   *
 *****************************************************

  External Params
  ---------------------------------
  
 mdl_thm =    1.0000000000000001E-005
 mdl_the =    1.0000000000000000E-002
 mdl_tht =    1.0000000000000000E-002
 mdl_cabi =   0.22773599999999999     
 aEWM1 =    127.90000000000001     
 mdl_Gf =    1.1663700000000000E-005
 aS =   0.11839999999999999     
 mdl_ymdo =    5.0400000000000002E-003
 mdl_ymup =    2.5500000000000002E-003
 mdl_yms =   0.10100000000000001     
 mdl_ymc =    1.2700000000000000     
 mdl_ymb =    4.7000000000000002     
 mdl_ymt =    172.00000000000000     
 mdl_yme =    5.1099999999999995E-004
 mdl_ymm =   0.10566000000000000     
 mdl_ymtau =    1.7769999999999999     
 mdl_MZ =    91.187600000000003     
 mdl_Me =    5.1099999999999995E-004
 mdl_MMU =   0.10566000000000000     
 mdl_MTA =    1.7769999999999999     
 mdl_MU =    2.5500000000000002E-003
 mdl_MC =    1.2700000000000000     
 mdl_MT =    172.00000000000000     
 mdl_MD =    5.0400000000000002E-003
 mdl_MS =   0.10100000000000001     
 mdl_MB =    4.7000000000000002     
 mdl_MNR =    2.0000000000000000     
 mdl_MH =    125.00000000000000     
 mdl_WZ =    2.4952000000000001     
 mdl_WW =    2.0850000000000000     
 mdl_Wc =    1.0000000000000000E-003
 mdl_WT =    1.5083359999999999     
 mdl_Wb =    1.0000000000000000E-003
 mdl_WNR =    1.3599690000000001E-015
 mdl_WH =    4.0699999999999998E-003
  Internal Params
  ---------------------------------
  
 mdl_cos__cabi =   0.97418004031982097     
 mdl_CKM1x1 =               (0.97418004031982097,0.0000000000000000)
 mdl_sin__cabi =   0.22577256042856930     
 mdl_CKM1x2 =               (0.22577256042856930,0.0000000000000000)
 mdl_CKM1x3 =          (3.51000000000000010E-003,0.0000000000000000)
 mdl_CKM2x1 =              (-0.22577256042856930,0.0000000000000000)
 mdl_CKM2x2 =               (0.97418004031982097,0.0000000000000000)
 mdl_CKM2x3 =          (4.12000000000000005E-002,0.0000000000000000)
 mdl_CKM3x1 =          (8.67000000000000062E-003,0.0000000000000000)
 mdl_CKM3x2 =          (4.03999999999999984E-002,0.0000000000000000)
 mdl_CKM3x3 =               (0.99914599999999998,0.0000000000000000)
 mdl_MZ__exp__2 =    8315.1783937600012     
 mdl_MZ__exp__4 =    69142191.720053151     
 mdl_sqrt__2 =    1.4142135623730951     
 mdl_MH__exp__2 =    15625.000000000000     
 mdl_complexi =                (0.0000000000000000,1.0000000000000000)
 mdl_conjg__CKM1x1 =              (0.97418004031982097,-0.0000000000000000)
 mdl_conjg__CKM1x2 =              (0.22577256042856930,-0.0000000000000000)
 mdl_conjg__CKM1x3 =         (3.51000000000000010E-003,-0.0000000000000000)
 mdl_conjg__CKM2x1 =             (-0.22577256042856930,-0.0000000000000000)
 mdl_conjg__CKM2x2 =              (0.97418004031982097,-0.0000000000000000)
 mdl_conjg__CKM2x3 =         (4.12000000000000005E-002,-0.0000000000000000)
 mdl_conjg__CKM3x1 =         (8.67000000000000062E-003,-0.0000000000000000)
 mdl_conjg__CKM3x2 =         (4.03999999999999984E-002,-0.0000000000000000)
 mdl_conjg__CKM3x3 =              (0.99914599999999998,-0.0000000000000000)
 mdl_aEW =    7.8186082877247844E-003
 mdl_MW =    79.824359746197842     
 mdl_sqrt__aEW =    8.8422894590285753E-002
 mdl_ee =   0.31345100004952897     
 mdl_MW__exp__2 =    6371.9284088904105     
 mdl_sw2 =   0.23369913342182447     
 mdl_cw =   0.87538612427783857     
 mdl_sqrt__sw2 =   0.48342438232036300     
 mdl_sw =   0.48342438232036300     
 mdl_g1 =   0.35807170271074895     
 mdl_gw =   0.64839716719502682     
 mdl_vev =    246.22056907348590     
 mdl_vev__exp__2 =    60624.568634871241     
 mdl_lam =   0.12886689630821144     
 mdl_yb =    2.6995322804122722E-002
 mdl_yc =    7.2944808428161397E-003
 mdl_ydo =    2.8948175943144366E-005
 mdl_ye =    2.9350233942354699E-006
 mdl_ym =    6.0687783137949077E-004
 mdl_ys =    5.8011225600348830E-004
 mdl_yt =   0.98791394091683138     
 mdl_ytau =    1.0206529494239589E-002
 mdl_yup =    1.4646398542662327E-005
 mdl_muH =    88.388347648318444     
 mdl_ee__exp__2 =    9.8251529432049817E-002
 mdl_sw__exp__2 =   0.23369913342182450     
 mdl_cw__exp__2 =   0.76630086657817542     
  Internal Params evaluated point by point
  ----------------------------------------
  
 mdl_sqrt__aS =   0.34409301068170506     
 mdl_G__exp__2 =    1.4878582807401259     
  Couplings of SM_RHN_UFO
  ---------------------------------
  
        GC_13 =   0.00000E+00   0.45849E+00
        GC_14 =   0.00000E+00   0.44665E+00
        GC_15 =   0.00000E+00   0.10351E+00
        GC_17 =  -0.00000E+00  -0.10351E+00
        GC_18 =   0.00000E+00   0.44665E+00
        GC_23 =  -0.00000E+00  -0.28380E+00
        GC_27 =   0.00000E+00   0.86550E-01
        GC_35 =  -0.00000E+00  -0.45849E-05
        GC_36 =  -0.00000E+00  -0.37035E-05
        GC_40 =  -0.00000E+00  -0.81228E-07
        GC_49 =  -0.00000E+00  -0.42913E-03
        GC_54 =   0.00000E+00   0.44665E+00
        GC_55 =   0.00000E+00   0.10351E+00
        GC_57 =   0.00000E+00  -0.10351E+00
        GC_58 =   0.00000E+00   0.44665E+00

 Collider parameters:
 --------------------

 Running at P P   machine @    13000.000000000000       GeV
 PDF set = nn23lo1
 alpha_s(Mz)= 0.1300 running at 2 loops.
 alpha_s(Mz)= 0.1300 running at 2 loops.
 Renormalization scale set on event-by-event basis
 Factorization   scale set on event-by-event basis


 getting user params
Enter number of events and max and min iterations: 
 Number of events and iterations         1000           5           3
Enter desired fractional accuracy: 
 Desired fractional accuracy:   0.10000000000000001     
Enter 0 for fixed, 2 for adjustable grid: 
Suppress amplitude (0 no, 1 yes)? 
 Using suppressed amplitude.
Exact helicity sum (0 yes, n = number/event)? 
 Explicitly summing over helicities
Enter Configuration Number: 
Running Configuration Number:    3
 Using dconfig=          14
 BW Setting            2           1           1           0
 Attempting mappinvarients           1           6
 Completed mapping           6
 about to integrate           10        1000           5           3          10           1
 Using non-zero grid deformation.
 10 dimensions   1000 events 10 invarients  5 iterations  1 config(s),  (0.99)
 Using h-tuple random number sequence.
 Error opening grid
 Using Uniform Grid!          24
 Using uniform alpha   1.0000000000000000     
 Grid defined OK
 Set CM energy to      13000.00
 Mapping Graph           3  to config           3
Setting grid   1    0.66059E-10   1
 Setting BW          -2           2   2.0000000000000000     
 Setting PDF BW           9           3   79.824359746197842     
 Transforming s_hat BW    3.7703718395801249E-005   9.8481532586285519E-007
   3   1   2   3   4   5   6   7   8   9  10
 Masses: 0.101E+00 0.127E+01 0.106E+00 0.106E+00 0.106E+00 0.000E+00
Using random seed offsets     3 :      8
  with seed                   24
 Ranmar initialization seeds       31061        9405
 
 ********************************************
 * You are using the DiscreteSampler module *
 *      part of the MG5_aMC framework       *
 *         Author: Valentin Hirschi         *
 ********************************************
 
  Particle       3       4       5       6
      Et >    10.0     0.0     0.0     0.0
       E >     0.0     0.0     0.0     0.0
     Eta <     2.5    -1.0    -1.0    -1.0
   xqcut:      0.0     0.0     0.0     0.0
d R # 3  >    -0.0     0.0     0.0     0.0
d R # 4  >    -0.0    -0.0     0.0     0.0
d R # 5  >    -0.0    -0.0    -0.0     0.0
s min # 3>     0.0     0.0     0.0     0.0
s min # 4>     0.0     0.0     0.0     0.0
s min # 5>     0.0     0.0     0.0     0.0
xqcutij # 3>     0.0     0.0     0.0     0.0
xqcutij # 4>     0.0     0.0     0.0     0.0
xqcutij # 5>     0.0     0.0     0.0     0.0
 Excluding BW           -1           1
 Requiring BW           -2           2
 Requiring BW           -3           3
 alpha_s for scale    79.558858562349698       is   0.13303079863847617     
 Added good helicity            1   1.2994306296040749E-007  in event            1 local:           1
 Added good helicity           17   2.2936171474735123E-004  in event            1 local:           1
 Added good helicity           21   7.8002283576842583E-007  in event            1 local:           1
 Added good helicity           23   1.4382865641531503E-007  in event            1 local:           1
 Added good helicity           33   3.6200326603448484E-002  in event            1 local:           1
 Added good helicity           35   3.0755031418489220E-007  in event            1 local:           1
 Added good helicity           37   1.2322401360560090E-004  in event            1 local:           1
 Added good helicity           39   2.2732241893859515E-005  in event            1 local:           1
 Added good helicity           41   1.0476277320968687E-008  in event            1 local:           1
 Added good helicity           49   63.678759133363819       in event            1 local:           1
 Added good helicity           51   7.5330697423574488E-003  in event            1 local:           1
 Added good helicity           53  0.23244449298758993       in event            1 local:           1
 Added good helicity           55   4.4457573582103803E-002  in event            1 local:           1
 Added good helicity           57   2.2769446818309921E-004  in event            1 local:           1
 Added good helicity           59   2.6935799819528741E-008  in event            1 local:           1
 Added good helicity           61   8.3114567452633098E-007  in event            1 local:           1
 Added good helicity           63   1.5896577934704797E-007  in event            1 local:           1
 Added good helicity            1   1.2994306296040934E-007  in event            1 local:           1
 Added good helicity           17   2.2936171474735305E-004  in event            1 local:           1
 Added good helicity           21   7.8002283576843335E-007  in event            1 local:           1
 Added good helicity           23   1.4382865641531177E-007  in event            1 local:           1
 Added good helicity           33   3.6200326603448747E-002  in event            1 local:           1
 Added good helicity           35   3.0755031418489517E-007  in event            1 local:           1
 Added good helicity           37   1.2322401360560212E-004  in event            1 local:           1
 Added good helicity           39   2.2732241893858976E-005  in event            1 local:           1
 Added good helicity           41   1.0476277320968957E-008  in event            1 local:           1
 Added good helicity           49   63.678759133363826       in event            1 local:           1
 Added good helicity           51   7.5330697423575173E-003  in event            1 local:           1
 Added good helicity           53  0.23244449298759223       in event            1 local:           1
 Added good helicity           55   4.4457573582100743E-002  in event            1 local:           1
 Added good helicity           57   2.2769446818309943E-004  in event            1 local:           1
 Added good helicity           59   2.6935799819529019E-008  in event            1 local:           1
 Added good helicity           61   8.3114567452633977E-007  in event            1 local:           1
 Added good helicity           63   1.5896577934703706E-007  in event            1 local:           1
 Added good helicity           19   5.5524912794145561E-008  in event            2 local:           1
 Added good helicity           19   5.5524912794139777E-008  in event            2 local:           1
 Added good helicity            5   3.9727295110166257E-008  in event            6 local:           3
 Added good helicity            7   1.2449655275782284E-008  in event            6 local:           3
 Added good helicity            5   3.9727295110166687E-008  in event            8 local:           4
 Added good helicity            7   1.2449655275784316E-008  in event            8 local:           4
 Added good helicity           25   2.5864407370282239E-008  in event            9 local:           5
 Added good helicity           47   3.6195274673754276E-007  in event            9 local:           5
 Added good helicity           25   2.5864407370282120E-008  in event           13 local:           7
 Added good helicity           47   3.6195274673754011E-007  in event           13 local:           7
 Added good helicity            3   1.4513662097083702E-008  in event           10 local:           5
 Added good helicity           45   9.9625583721127192E-007  in event           10 local:           5
 Added good helicity            3   1.4513662097078798E-008  in event           14 local:           7
 Added good helicity           45   9.9625583721090473E-007  in event           14 local:           7
 RESET CUMULATIVE VARIABLE
 RESET CUMULATIVE VARIABLE
 RESET CUMULATIVE VARIABLE
 Iteration  1   Mean: 0.3805E-14 Abs mean: 0.3805E-14   Fluctuation:  0.286E-15   0.859E-13    19.0%
  1    0.3805E-14 0.3805E-14 +- 0.2856E-15      2.37
 Writing out events   4.0070695525716855E-018   2.3730055338989198     
 Relative summed weights:
  0.2402E+00  0.2538E+00  0.0000E+00  0.0000E+00
  0.0000E+00  0.0000E+00  0.3391E+00  0.1669E+00
 Relative number of events:
  0.3086E+00  0.3234E+00  0.0000E+00  0.0000E+00
  0.0000E+00  0.0000E+00  0.2077E+00  0.1602E+00
 Events:
         312         327           0           0
           0           0         210         162
 Iteration  2   Mean: 0.4500E-14 Abs mean: 0.4500E-14   Fluctuation:  0.172E-15   0.797E-13    60.7%
  2    0.4500E-14 0.4500E-14 +- 0.1719E-15      1.71
 Relative summed weights:
  0.2321E+00  0.2394E+00  0.0000E+00  0.0000E+00
  0.0000E+00  0.0000E+00  0.2636E+00  0.2649E+00
 Relative number of events:
  0.3140E+00  0.3190E+00  0.0000E+00  0.0000E+00
  0.0000E+00  0.0000E+00  0.1825E+00  0.1845E+00
 Events:
         628         638           0           0
           0           0         365         369
 Iteration  3   Mean: 0.4142E-14 Abs mean: 0.4142E-14   Fluctuation:  0.847E-16   0.407E-13    73.8%
  3    0.4142E-14 0.4142E-14 +- 0.8466E-16      1.29
 Relative summed weights:
  0.2461E+00  0.2504E+00  0.0000E+00  0.0000E+00
  0.0000E+00  0.0000E+00  0.2544E+00  0.2492E+00
 Relative number of events:
  0.3205E+00  0.3172E+00  0.0000E+00  0.0000E+00
  0.0000E+00  0.0000E+00  0.1800E+00  0.1822E+00
 Events:
        1282        1269           0           0
           0           0         720         729
 Accuracy:    0.029   0.100   0.018   2.756
 Finished due to accuracy    2.9091084401422766E-002  0.10000000000000001     

 -------------------------------------------------------------------------------
 Accumulated results:   Integral =  0.4199E-14
                        Std dev  =  0.7358E-16
                       Cross sec =  0.4199E-14
             Chi**2 per DoF.     =      2.7559
 -------------------------------------------------------------------------------
 Found          483  events.
 Wrote          480  events.
 Actual xsec    4.1990951982695500E-015
 Correct abs xsec    4.1990951982695500E-015
 Event xsec    4.1990951982695129E-015
 Events wgts > 1:            5
 % Cross section > 1:    4.5992909779446659E-018  0.10953052409576418     
-------------------------------------------------
---------------------------
 Results Last   3 iters: Integral =   0.4199E-14
                     Abs integral =   0.4199E-14
                          Std dev =   0.7358E-16
                  Chi**2 per DoF. =      2.7050
-------------------------------------------------
---------------------------
 Status  0.10000000000000001                4           5

ls status:
events.lhe
ftn26
input_app.txt
results.dat
run1_app.log
