 Process in group number            1
 A PDF is used, so alpha_s(MZ) is going to be modified
 Old value of alpha_s from param_card:   0.11839999999999999     
  ****************************************
 
       NNPDFDriver version 1.0.3
   Grid: NNPDF23_lo_as_0130_qed_mem0.grid
  ****************************************
 New value of alpha_s from PDF nn23lo1:  0.13000000000000000     
 Define smin to   100.00000000000000     
 Define smin to   100.00000000000000     
 *****************************************************
 *               MadGraph/MadEvent                   *
 *        --------------------------------           *
 *          http://madgraph.hep.uiuc.edu             *
 *          http://madgraph.phys.ucl.ac.be           *
 *          http://madgraph.roma2.infn.it            *
 *        --------------------------------           *
 *                                                   *
 *          PARAMETER AND COUPLING VALUES            *
 *                                                   *
 *****************************************************

  External Params
  ---------------------------------
  
 mdl_thm =    5.0000000000000004E-006
 mdl_the =    1.0000000000000000E-002
 mdl_tht =    1.0000000000000000E-002
 mdl_cabi =   0.22773599999999999     
 aEWM1 =    127.90000000000001     
 mdl_Gf =    1.1663700000000000E-005
 aS =   0.11839999999999999     
 mdl_ymdo =    5.0400000000000002E-003
 mdl_ymup =    2.5500000000000002E-003
 mdl_yms =   0.10100000000000001     
 mdl_ymc =    1.2700000000000000     
 mdl_ymb =    4.7000000000000002     
 mdl_ymt =    172.00000000000000     
 mdl_yme =    5.1099999999999995E-004
 mdl_ymm =   0.10566000000000000     
 mdl_ymtau =    1.7769999999999999     
 mdl_MZ =    91.187600000000003     
 mdl_Me =    5.1099999999999995E-004
 mdl_MMU =   0.10566000000000000     
 mdl_MTA =    1.7769999999999999     
 mdl_MU =    2.5500000000000002E-003
 mdl_MC =    1.2700000000000000     
 mdl_MT =    172.00000000000000     
 mdl_MD =    5.0400000000000002E-003
 mdl_MS =   0.10100000000000001     
 mdl_MB =    4.7000000000000002     
 mdl_MNR =    2.0000000000000000     
 mdl_MH =    125.00000000000000     
 mdl_WZ =    2.4952000000000001     
 mdl_WW =    2.0850000000000000     
 mdl_Wc =    1.0000000000000000E-003
 mdl_WT =    1.5083359999999999     
 mdl_Wb =    1.0000000000000000E-003
 mdl_WNR =    1.3599690000000001E-015
 mdl_WH =    4.0699999999999998E-003
  Internal Params
  ---------------------------------
  
 mdl_cos__cabi =   0.97418004031982097     
 mdl_CKM1x1 =               (0.97418004031982097,0.0000000000000000)
 mdl_sin__cabi =   0.22577256042856930     
 mdl_CKM1x2 =               (0.22577256042856930,0.0000000000000000)
 mdl_CKM1x3 =          (3.51000000000000010E-003,0.0000000000000000)
 mdl_CKM2x1 =              (-0.22577256042856930,0.0000000000000000)
 mdl_CKM2x2 =               (0.97418004031982097,0.0000000000000000)
 mdl_CKM2x3 =          (4.12000000000000005E-002,0.0000000000000000)
 mdl_CKM3x1 =          (8.67000000000000062E-003,0.0000000000000000)
 mdl_CKM3x2 =          (4.03999999999999984E-002,0.0000000000000000)
 mdl_CKM3x3 =               (0.99914599999999998,0.0000000000000000)
 mdl_MZ__exp__2 =    8315.1783937600012     
 mdl_MZ__exp__4 =    69142191.720053151     
 mdl_sqrt__2 =    1.4142135623730951     
 mdl_MH__exp__2 =    15625.000000000000     
 mdl_complexi =                (0.0000000000000000,1.0000000000000000)
 mdl_conjg__CKM1x1 =              (0.97418004031982097,-0.0000000000000000)
 mdl_conjg__CKM1x2 =              (0.22577256042856930,-0.0000000000000000)
 mdl_conjg__CKM1x3 =         (3.51000000000000010E-003,-0.0000000000000000)
 mdl_conjg__CKM2x1 =             (-0.22577256042856930,-0.0000000000000000)
 mdl_conjg__CKM2x2 =              (0.97418004031982097,-0.0000000000000000)
 mdl_conjg__CKM2x3 =         (4.12000000000000005E-002,-0.0000000000000000)
 mdl_conjg__CKM3x1 =         (8.67000000000000062E-003,-0.0000000000000000)
 mdl_conjg__CKM3x2 =         (4.03999999999999984E-002,-0.0000000000000000)
 mdl_conjg__CKM3x3 =              (0.99914599999999998,-0.0000000000000000)
 mdl_aEW =    7.8186082877247844E-003
 mdl_MW =    79.824359746197842     
 mdl_sqrt__aEW =    8.8422894590285753E-002
 mdl_ee =   0.31345100004952897     
 mdl_MW__exp__2 =    6371.9284088904105     
 mdl_sw2 =   0.23369913342182447     
 mdl_cw =   0.87538612427783857     
 mdl_sqrt__sw2 =   0.48342438232036300     
 mdl_sw =   0.48342438232036300     
 mdl_g1 =   0.35807170271074895     
 mdl_gw =   0.64839716719502682     
 mdl_vev =    246.22056907348590     
 mdl_vev__exp__2 =    60624.568634871241     
 mdl_lam =   0.12886689630821144     
 mdl_yb =    2.6995322804122722E-002
 mdl_yc =    7.2944808428161397E-003
 mdl_ydo =    2.8948175943144366E-005
 mdl_ye =    2.9350233942354699E-006
 mdl_ym =    6.0687783137949077E-004
 mdl_ys =    5.8011225600348830E-004
 mdl_yt =   0.98791394091683138     
 mdl_ytau =    1.0206529494239589E-002
 mdl_yup =    1.4646398542662327E-005
 mdl_muH =    88.388347648318444     
 mdl_ee__exp__2 =    9.8251529432049817E-002
 mdl_sw__exp__2 =   0.23369913342182450     
 mdl_cw__exp__2 =   0.76630086657817542     
  Internal Params evaluated point by point
  ----------------------------------------
  
 mdl_sqrt__aS =   0.34409301068170506     
 mdl_G__exp__2 =    1.4878582807401259     
  Couplings of SM_RHN_UFO
  ---------------------------------
  
        GC_13 =   0.00000E+00   0.45849E+00
        GC_14 =   0.00000E+00   0.44665E+00
        GC_15 =   0.00000E+00   0.10351E+00
        GC_17 =  -0.00000E+00  -0.10351E+00
        GC_18 =   0.00000E+00   0.44665E+00
        GC_23 =  -0.00000E+00  -0.28380E+00
        GC_27 =   0.00000E+00   0.86550E-01
        GC_35 =  -0.00000E+00  -0.22924E-05
        GC_36 =  -0.00000E+00  -0.18517E-05
        GC_40 =  -0.00000E+00  -0.40614E-07
        GC_49 =  -0.00000E+00  -0.42913E-03
        GC_54 =   0.00000E+00   0.44665E+00
        GC_55 =   0.00000E+00   0.10351E+00
        GC_57 =   0.00000E+00  -0.10351E+00
        GC_58 =   0.00000E+00   0.44665E+00

 Collider parameters:
 --------------------

 Running at P P   machine @    13000.000000000000       GeV
 PDF set = nn23lo1
 alpha_s(Mz)= 0.1300 running at 2 loops.
 alpha_s(Mz)= 0.1300 running at 2 loops.
 Renormalization scale set on event-by-event basis
 Factorization   scale set on event-by-event basis


 getting user params
Enter number of events and max and min iterations: 
 Number of events and iterations         1000           5           3
Enter desired fractional accuracy: 
 Desired fractional accuracy:   0.10000000000000001     
Enter 0 for fixed, 2 for adjustable grid: 
Suppress amplitude (0 no, 1 yes)? 
 Using suppressed amplitude.
Exact helicity sum (0 yes, n = number/event)? 
 Explicitly summing over helicities
Enter Configuration Number: 
Running Configuration Number:    3
 Using dconfig=          14
 BW Setting            2           1           1           0
 Attempting mappinvarients           1           6
 Completed mapping           6
 about to integrate           10        1000           5           3          10           1
 Using non-zero grid deformation.
 10 dimensions   1000 events 10 invarients  5 iterations  1 config(s),  (0.99)
 Using h-tuple random number sequence.
 Error opening grid
 Using Uniform Grid!          24
 Using uniform alpha   1.0000000000000000     
 Grid defined OK
 Set CM energy to      13000.00
 Mapping Graph           3  to config           3
Setting grid   1    0.66059E-10   1
 Setting BW          -2           2   2.0000000000000000     
 Setting PDF BW           9           3   79.824359746197842     
 Transforming s_hat BW    3.7703718395801249E-005   9.8481532586285519E-007
   3   1   2   3   4   5   6   7   8   9  10
 Masses: 0.101E+00 0.255E-02 0.106E+00 0.106E+00 0.106E+00 0.000E+00
Using random seed offsets     3 :      7
  with seed                   24
 Ranmar initialization seeds       31061        9404
 
 ********************************************
 * You are using the DiscreteSampler module *
 *      part of the MG5_aMC framework       *
 *         Author: Valentin Hirschi         *
 ********************************************
 
  Particle       3       4       5       6
      Et >    10.0     0.0     0.0     0.0
       E >     0.0     0.0     0.0     0.0
     Eta <     2.5    -1.0    -1.0    -1.0
   xqcut:      0.0     0.0     0.0     0.0
d R # 3  >    -0.0     0.0     0.0     0.0
d R # 4  >    -0.0    -0.0     0.0     0.0
d R # 5  >    -0.0    -0.0    -0.0     0.0
s min # 3>     0.0     0.0     0.0     0.0
s min # 4>     0.0     0.0     0.0     0.0
s min # 5>     0.0     0.0     0.0     0.0
xqcutij # 3>     0.0     0.0     0.0     0.0
xqcutij # 4>     0.0     0.0     0.0     0.0
xqcutij # 5>     0.0     0.0     0.0     0.0
 Excluding BW           -1           1
 Requiring BW           -2           2
 Requiring BW           -3           3
 alpha_s for scale    71.501326330167601       is   0.13550608477484660     
 Added good helicity           17   3.7201453514513268E-005  in event            1 local:           1
 Added good helicity           21   2.7273520852589067E-006  in event            1 local:           1
 Added good helicity           23   3.1887485618772999E-006  in event            1 local:           1
 Added good helicity           33   2.3377327946297337E-008  in event            1 local:           1
 Added good helicity           49   55.522188324933452       in event            1 local:           1
 Added good helicity           51   3.7816613709014744E-003  in event            1 local:           1
 Added good helicity           53   4.0135384814515307       in event            1 local:           1
 Added good helicity           55   4.4604032809972773       in event            1 local:           1
 Added good helicity           57   3.9127678917938937E-005  in event            1 local:           1
 Added good helicity           61   2.8284267923298927E-006  in event            1 local:           1
 Added good helicity           63   3.1433420167448354E-006  in event            1 local:           1
 Added good helicity           17   3.7201453514513227E-005  in event            1 local:           1
 Added good helicity           21   2.7273520852589160E-006  in event            1 local:           1
 Added good helicity           23   3.1887485618773147E-006  in event            1 local:           1
 Added good helicity           33   2.3377327946297330E-008  in event            1 local:           1
 Added good helicity           49   55.522188324933424       in event            1 local:           1
 Added good helicity           51   3.7816613709014996E-003  in event            1 local:           1
 Added good helicity           53   4.0135384814515396       in event            1 local:           1
 Added good helicity           55   4.4604032809972978       in event            1 local:           1
 Added good helicity           57   3.9127678917938930E-005  in event            1 local:           1
 Added good helicity           61   2.8284267923299004E-006  in event            1 local:           1
 Added good helicity           63   3.1433420167448524E-006  in event            1 local:           1
 Added good helicity           19   2.3978178830354177E-006  in event            2 local:           1
 Added good helicity           59   2.6842083874954259E-006  in event            2 local:           1
 Added good helicity           19   2.3978178830352818E-006  in event            2 local:           1
 Added good helicity           59   2.6842083874952696E-006  in event            2 local:           1
 Added good helicity           37   1.6155370169206061E-008  in event            9 local:           5
 Added good helicity           37   1.6155370169206088E-008  in event            8 local:           5
 Added good helicity           35   1.4628360697696493E-008  in event           10 local:           5
 Added good helicity           39   1.1396486843976516E-008  in event           10 local:           5
 Added good helicity           35   1.4628360697696991E-008  in event            9 local:           4
 Added good helicity           39   1.1396486843977006E-008  in event            9 local:           4
 Added good helicity           25   9.0867036428838792E-008  in event           12 local:           6
 Added good helicity           25   9.0867036428839745E-008  in event           10 local:           6
 Added good helicity           29   2.0481348004577073E-008  in event           13 local:           7
 Added good helicity           29   2.0481348004578582E-008  in event           11 local:           5
 RESET CUMULATIVE VARIABLE
 RESET CUMULATIVE VARIABLE
 RESET CUMULATIVE VARIABLE
 Iteration  1   Mean: 0.2453E-16 Abs mean: 0.2453E-16   Fluctuation:  0.218E-17   0.734E-15    19.9%
  1    0.2453E-16 0.2453E-16 +- 0.2184E-17      2.82
 Writing out events   2.4645751500799267E-020   2.8156694509021598     
 Relative summed weights:
  0.2213E+00  0.2392E+00  0.0000E+00  0.0000E+00
  0.0000E+00  0.0000E+00  0.3160E+00  0.2235E+00
 Relative number of events:
  0.3071E+00  0.2904E+00  0.0000E+00  0.0000E+00
  0.0000E+00  0.0000E+00  0.1959E+00  0.2067E+00
 Events:
         312         295           0           0
           0           0         199         210
 Iteration  2   Mean: 0.2407E-16 Abs mean: 0.2407E-16   Fluctuation:  0.817E-18   0.297E-15    60.9%
  2    0.2407E-16 0.2407E-16 +- 0.8169E-18      1.52
 Relative summed weights:
  0.2579E+00  0.2369E+00  0.0000E+00  0.0000E+00
  0.0000E+00  0.0000E+00  0.2620E+00  0.2432E+00
 Relative number of events:
  0.3140E+00  0.2920E+00  0.0000E+00  0.0000E+00
  0.0000E+00  0.0000E+00  0.2010E+00  0.1930E+00
 Events:
         628         584           0           0
           0           0         402         386
 Iteration  3   Mean: 0.2471E-16 Abs mean: 0.2471E-16   Fluctuation:  0.500E-18   0.321E-15    74.5%
  3    0.2471E-16 0.2471E-16 +- 0.4998E-18      1.28
 Relative summed weights:
  0.2409E+00  0.2441E+00  0.0000E+00  0.0000E+00
  0.0000E+00  0.0000E+00  0.2622E+00  0.2528E+00
 Relative number of events:
  0.3063E+00  0.3070E+00  0.0000E+00  0.0000E+00
  0.0000E+00  0.0000E+00  0.1993E+00  0.1875E+00
 Events:
        1225        1228           0           0
           0           0         797         750
 Accuracy:    0.008   0.100   0.017   0.220
 Finished due to accuracy    8.0075941475471635E-003  0.10000000000000001     

 -------------------------------------------------------------------------------
 Accumulated results:   Integral =  0.2454E-16
                        Std dev  =  0.4185E-18
                       Cross sec =  0.2454E-16
             Chi**2 per DoF.     =      0.2205
 -------------------------------------------------------------------------------
 Found          522  events.
 Wrote          519  events.
 Actual xsec    2.4541520964231976E-017
 Correct abs xsec    2.4541520964231976E-017
 Event xsec    2.4541520964231794E-017
 Events wgts > 1:           12
 % Cross section > 1:    9.7037205946309228E-020  0.39540013061022888     
-------------------------------------------------
---------------------------
 Results Last   3 iters: Integral =   0.2454E-16
                     Abs integral =   0.2454E-16
                          Std dev =   0.4185E-18
                  Chi**2 per DoF. =      0.2261
-------------------------------------------------
---------------------------
 Status  0.10000000000000001                4           5

ls status:
events.lhe
ftn26
input_app.txt
results.dat
run1_app.log
