 Process in group number            1
 A PDF is used, so alpha_s(MZ) is going to be modified
 Old value of alpha_s from param_card:   0.11839999999999999     
  ****************************************
 
       NNPDFDriver version 1.0.3
   Grid: NNPDF23_lo_as_0130_qed_mem0.grid
  ****************************************
 New value of alpha_s from PDF nn23lo1:  0.13000000000000000     
 Define smin to   100.00000000000000     
 Define smin to   100.00000000000000     
 *****************************************************
 *               MadGraph/MadEvent                   *
 *        --------------------------------           *
 *          http://madgraph.hep.uiuc.edu             *
 *          http://madgraph.phys.ucl.ac.be           *
 *          http://madgraph.roma2.infn.it            *
 *        --------------------------------           *
 *                                                   *
 *          PARAMETER AND COUPLING VALUES            *
 *                                                   *
 *****************************************************

  External Params
  ---------------------------------
  
 mdl_thm =    9.9999999999999995E-007
 mdl_the =    1.0000000000000000E-002
 mdl_tht =    1.0000000000000000E-002
 mdl_cabi =   0.22773599999999999     
 aEWM1 =    127.90000000000001     
 mdl_Gf =    1.1663700000000000E-005
 aS =   0.11839999999999999     
 mdl_ymdo =    5.0400000000000002E-003
 mdl_ymup =    2.5500000000000002E-003
 mdl_yms =   0.10100000000000001     
 mdl_ymc =    1.2700000000000000     
 mdl_ymb =    4.7000000000000002     
 mdl_ymt =    172.00000000000000     
 mdl_yme =    5.1099999999999995E-004
 mdl_ymm =   0.10566000000000000     
 mdl_ymtau =    1.7769999999999999     
 mdl_MZ =    91.187600000000003     
 mdl_Me =    5.1099999999999995E-004
 mdl_MMU =   0.10566000000000000     
 mdl_MTA =    1.7769999999999999     
 mdl_MU =    2.5500000000000002E-003
 mdl_MC =    1.2700000000000000     
 mdl_MT =    172.00000000000000     
 mdl_MD =    5.0400000000000002E-003
 mdl_MS =   0.10100000000000001     
 mdl_MB =    4.7000000000000002     
 mdl_MNR =    2.0000000000000000     
 mdl_MH =    125.00000000000000     
 mdl_WZ =    2.4952000000000001     
 mdl_WW =    2.0850000000000000     
 mdl_Wc =    1.0000000000000000E-003
 mdl_WT =    1.5083359999999999     
 mdl_Wb =    1.0000000000000000E-003
 mdl_WNR =    1.3599690000000001E-015
 mdl_WH =    4.0699999999999998E-003
  Internal Params
  ---------------------------------
  
 mdl_cos__cabi =   0.97418004031982097     
 mdl_CKM1x1 =               (0.97418004031982097,0.0000000000000000)
 mdl_sin__cabi =   0.22577256042856930     
 mdl_CKM1x2 =               (0.22577256042856930,0.0000000000000000)
 mdl_CKM1x3 =          (3.51000000000000010E-003,0.0000000000000000)
 mdl_CKM2x1 =              (-0.22577256042856930,0.0000000000000000)
 mdl_CKM2x2 =               (0.97418004031982097,0.0000000000000000)
 mdl_CKM2x3 =          (4.12000000000000005E-002,0.0000000000000000)
 mdl_CKM3x1 =          (8.67000000000000062E-003,0.0000000000000000)
 mdl_CKM3x2 =          (4.03999999999999984E-002,0.0000000000000000)
 mdl_CKM3x3 =               (0.99914599999999998,0.0000000000000000)
 mdl_MZ__exp__2 =    8315.1783937600012     
 mdl_MZ__exp__4 =    69142191.720053151     
 mdl_sqrt__2 =    1.4142135623730951     
 mdl_MH__exp__2 =    15625.000000000000     
 mdl_complexi =                (0.0000000000000000,1.0000000000000000)
 mdl_conjg__CKM1x1 =              (0.97418004031982097,-0.0000000000000000)
 mdl_conjg__CKM1x2 =              (0.22577256042856930,-0.0000000000000000)
 mdl_conjg__CKM1x3 =         (3.51000000000000010E-003,-0.0000000000000000)
 mdl_conjg__CKM2x1 =             (-0.22577256042856930,-0.0000000000000000)
 mdl_conjg__CKM2x2 =              (0.97418004031982097,-0.0000000000000000)
 mdl_conjg__CKM2x3 =         (4.12000000000000005E-002,-0.0000000000000000)
 mdl_conjg__CKM3x1 =         (8.67000000000000062E-003,-0.0000000000000000)
 mdl_conjg__CKM3x2 =         (4.03999999999999984E-002,-0.0000000000000000)
 mdl_conjg__CKM3x3 =              (0.99914599999999998,-0.0000000000000000)
 mdl_aEW =    7.8186082877247844E-003
 mdl_MW =    79.824359746197842     
 mdl_sqrt__aEW =    8.8422894590285753E-002
 mdl_ee =   0.31345100004952897     
 mdl_MW__exp__2 =    6371.9284088904105     
 mdl_sw2 =   0.23369913342182447     
 mdl_cw =   0.87538612427783857     
 mdl_sqrt__sw2 =   0.48342438232036300     
 mdl_sw =   0.48342438232036300     
 mdl_g1 =   0.35807170271074895     
 mdl_gw =   0.64839716719502682     
 mdl_vev =    246.22056907348590     
 mdl_vev__exp__2 =    60624.568634871241     
 mdl_lam =   0.12886689630821144     
 mdl_yb =    2.6995322804122722E-002
 mdl_yc =    7.2944808428161397E-003
 mdl_ydo =    2.8948175943144366E-005
 mdl_ye =    2.9350233942354699E-006
 mdl_ym =    6.0687783137949077E-004
 mdl_ys =    5.8011225600348830E-004
 mdl_yt =   0.98791394091683138     
 mdl_ytau =    1.0206529494239589E-002
 mdl_yup =    1.4646398542662327E-005
 mdl_muH =    88.388347648318444     
 mdl_ee__exp__2 =    9.8251529432049817E-002
 mdl_sw__exp__2 =   0.23369913342182450     
 mdl_cw__exp__2 =   0.76630086657817542     
  Internal Params evaluated point by point
  ----------------------------------------
  
 mdl_sqrt__aS =   0.34409301068170506     
 mdl_G__exp__2 =    1.4878582807401259     
  Couplings of SM_RHN_UFO
  ---------------------------------
  
        GC_13 =   0.00000E+00   0.45849E+00
        GC_14 =   0.00000E+00   0.44665E+00
        GC_15 =   0.00000E+00   0.10351E+00
        GC_17 =  -0.00000E+00  -0.10351E+00
        GC_18 =   0.00000E+00   0.44665E+00
        GC_23 =  -0.00000E+00  -0.28380E+00
        GC_27 =   0.00000E+00   0.86550E-01
        GC_35 =  -0.00000E+00  -0.45849E-06
        GC_36 =  -0.00000E+00  -0.37035E-06
        GC_40 =  -0.00000E+00  -0.81228E-08
        GC_49 =  -0.00000E+00  -0.42913E-03
        GC_54 =   0.00000E+00   0.44665E+00
        GC_55 =   0.00000E+00   0.10351E+00
        GC_57 =   0.00000E+00  -0.10351E+00
        GC_58 =   0.00000E+00   0.44665E+00

 Collider parameters:
 --------------------

 Running at P P   machine @    13000.000000000000       GeV
 PDF set = nn23lo1
 alpha_s(Mz)= 0.1300 running at 2 loops.
 alpha_s(Mz)= 0.1300 running at 2 loops.
 Renormalization scale set on event-by-event basis
 Factorization   scale set on event-by-event basis


 getting user params
Enter number of events and max and min iterations: 
 Number of events and iterations         1000           5           3
Enter desired fractional accuracy: 
 Desired fractional accuracy:   0.10000000000000001     
Enter 0 for fixed, 2 for adjustable grid: 
Suppress amplitude (0 no, 1 yes)? 
 Using suppressed amplitude.
Exact helicity sum (0 yes, n = number/event)? 
 Explicitly summing over helicities
Enter Configuration Number: 
Running Configuration Number:    1
 Using dconfig=          14
 BW Setting            2           1           1           0
 Attempting mappinvarients           1           6
 Completed mapping           6
 about to integrate           10        1000           5           3          10           1
 Using non-zero grid deformation.
 10 dimensions   1000 events 10 invarients  5 iterations  1 config(s),  (0.99)
 Using h-tuple random number sequence.
 Error opening grid
 Using Uniform Grid!          24
 Using uniform alpha   1.0000000000000000     
 Grid defined OK
 Set CM energy to      13000.00
 Mapping Graph           1  to config           1
Setting grid   1    0.26424E-09   1
 Setting BW          -2           2   2.0000000000000000     
 Setting PDF BW           9           3   79.824359746197842     
 Transforming s_hat BW    3.7703718395801249E-005   9.8481532586285519E-007
   1   1   2   3   4   5   6   7   8   9  10
 Masses: 0.127E+01 0.504E-02 0.106E+00 0.106E+00 0.106E+00 0.000E+00
Using random seed offsets     1 :      3
  with seed                   24
 Ranmar initialization seeds       31059        9400
 
 ********************************************
 * You are using the DiscreteSampler module *
 *      part of the MG5_aMC framework       *
 *         Author: Valentin Hirschi         *
 ********************************************
 
  Particle       3       4       5       6
      Et >    10.0     0.0     0.0     0.0
       E >     0.0     0.0     0.0     0.0
     Eta <     2.5    -1.0    -1.0    -1.0
   xqcut:      0.0     0.0     0.0     0.0
d R # 3  >    -0.0     0.0     0.0     0.0
d R # 4  >    -0.0    -0.0     0.0     0.0
d R # 5  >    -0.0    -0.0    -0.0     0.0
s min # 3>     0.0     0.0     0.0     0.0
s min # 4>     0.0     0.0     0.0     0.0
s min # 5>     0.0     0.0     0.0     0.0
xqcutij # 3>     0.0     0.0     0.0     0.0
xqcutij # 4>     0.0     0.0     0.0     0.0
xqcutij # 5>     0.0     0.0     0.0     0.0
 Excluding BW           -1           1
 Requiring BW           -2           2
 Requiring BW           -3           3
 alpha_s for scale    79.805556173638749       is   0.13296041216567481     
 Added good helicity           17   9.9617457609333399E-003  in event            1 local:           1
 Added good helicity           19   1.0288458807927298E-003  in event            1 local:           1
 Added good helicity           21   8.7279494668737954E-005  in event            1 local:           1
 Added good helicity           23   5.8270296802557804E-004  in event            1 local:           1
 Added good helicity           33   1.5697065391619570E-007  in event            1 local:           1
 Added good helicity           35   1.6211527718314467E-008  in event            1 local:           1
 Added good helicity           49   54.589191394835467       in event            1 local:           1
 Added good helicity           51   5.7579478872973917       in event            1 local:           1
 Added good helicity           53  0.47512170471326176       in event            1 local:           1
 Added good helicity           55   3.1659990148168156       in event            1 local:           1
 Added good helicity           57   6.7600524584244035E-005  in event            1 local:           1
 Added good helicity           59   7.1303547051050167E-006  in event            1 local:           1
 Added good helicity           61   5.8836695798750038E-007  in event            1 local:           1
 Added good helicity           63   3.9206148463863233E-006  in event            1 local:           1
 Added good helicity           17   9.9617457609331387E-003  in event            1 local:           1
 Added good helicity           19   1.0288458807927090E-003  in event            1 local:           1
 Added good helicity           21   8.7279494668735284E-005  in event            1 local:           1
 Added good helicity           23   5.8270296802546073E-004  in event            1 local:           1
 Added good helicity           33   1.5697065391619244E-007  in event            1 local:           1
 Added good helicity           35   1.6211527718314133E-008  in event            1 local:           1
 Added good helicity           49   54.589191394836391       in event            1 local:           1
 Added good helicity           51   5.7579478872972691       in event            1 local:           1
 Added good helicity           53  0.47512170471324805       in event            1 local:           1
 Added good helicity           55   3.1659990148160229       in event            1 local:           1
 Added good helicity           57   6.7600524584245200E-005  in event            1 local:           1
 Added good helicity           59   7.1303547051048642E-006  in event            1 local:           1
 Added good helicity           61   5.8836695798748376E-007  in event            1 local:           1
 Added good helicity           63   3.9206148463853433E-006  in event            1 local:           1
 Added good helicity           39   3.3468001540018308E-008  in event            4 local:           2
 Added good helicity           39   3.3468001540021749E-008  in event            3 local:           2
 Added good helicity           37   2.3490630293543069E-008  in event            9 local:           5
 Added good helicity           37   2.3490630293539932E-008  in event            8 local:           4
 Added good helicity           25   8.2974823712821576E-008  in event           15 local:           9
 Added good helicity           27   1.1643217606182538E-008  in event           15 local:           9
 Added good helicity           31   1.0900304699894342E-008  in event           15 local:           9
 Added good helicity           25   8.2974823712829676E-008  in event           12 local:           6
 Added good helicity           27   1.1643217606182785E-008  in event           12 local:           6
 Added good helicity           31   1.0900304699894302E-008  in event           12 local:           6
 Added good helicity            7   3.0633815670503981E-008  in event           25 local:          15
 Added good helicity           29   8.2951483402078236E-007  in event           25 local:          15
 Added good helicity            7   3.0633815670505794E-008  in event           22 local:          11
 Added good helicity           29   8.2951483402097093E-007  in event           22 local:          11
 RESET CUMULATIVE VARIABLE
 Added good helicity            1   3.0449359594406882E-008  in event           23 local:          12
 RESET CUMULATIVE VARIABLE
 RESET CUMULATIVE VARIABLE
 Iteration  1   Mean: 0.6821E-30 Abs mean: 0.6821E-30   Fluctuation:  0.533E-31   0.142E-28    16.7%
  1    0.6821E-30 0.6821E-30 +- 0.5333E-31      2.47
 Writing out events   8.1778171010662911E-034   2.4728072053664492     
 Relative summed weights:
  0.2612E+00  0.2442E+00  0.2584E+00  0.2362E+00
 Relative number of events:
  0.2745E+00  0.2627E+00  0.2333E+00  0.2294E+00
 Events:
         280         268         238         234
 Iteration  2   Mean: 0.7541E-30 Abs mean: 0.7541E-30   Fluctuation:  0.249E-31   0.812E-29    59.6%
  2    0.7541E-30 0.7541E-30 +- 0.2489E-31      1.48
 Relative summed weights:
  0.2418E+00  0.2575E+00  0.2555E+00  0.2452E+00
 Relative number of events:
  0.2765E+00  0.2775E+00  0.2295E+00  0.2165E+00
 Events:
         553         555         459         433
 Iteration  3   Mean: 0.7937E-30 Abs mean: 0.7937E-30   Fluctuation:  0.150E-31   0.596E-29    72.9%
  3    0.7937E-30 0.7937E-30 +- 0.1500E-31      1.20
 Relative summed weights:
  0.2470E+00  0.2413E+00  0.2573E+00  0.2544E+00
 Relative number of events:
  0.2747E+00  0.2655E+00  0.2360E+00  0.2238E+00
 Events:
        1099        1062         944         895
 Accuracy:    0.024   0.100   0.016   2.229
 Finished due to accuracy    2.3971522478738478E-002  0.10000000000000001     

 -------------------------------------------------------------------------------
 Accumulated results:   Integral =  0.7796E-30
                        Std dev  =  0.1252E-31
                       Cross sec =  0.7796E-30
             Chi**2 per DoF.     =      2.2295
 -------------------------------------------------------------------------------
 Found          542  events.
 Wrote          539  events.
 Actual xsec    7.7962383686844787E-031
 Correct abs xsec    7.7962383686844787E-031
 Event xsec    7.7962383686844200E-031
 Events wgts > 1:            1
 % Cross section > 1:    1.2133195112253980E-034   1.5562883711957876E-002
-------------------------------------------------
---------------------------
 Results Last   3 iters: Integral =   0.7796E-30
                     Abs integral =   0.7796E-30
                          Std dev =   0.1252E-31
                  Chi**2 per DoF. =      2.6400
-------------------------------------------------
---------------------------
 Status  0.10000000000000001                4           5

ls status:
events.lhe
ftn26
input_app.txt
results.dat
run1_app.log
