 Process in group number            1
 A PDF is used, so alpha_s(MZ) is going to be modified
 Old value of alpha_s from param_card:   0.11839999999999999     
  ****************************************
 
       NNPDFDriver version 1.0.3
   Grid: NNPDF23_lo_as_0130_qed_mem0.grid
  ****************************************
 New value of alpha_s from PDF nn23lo1:  0.13000000000000000     
 Define smin to   100.00000000000000     
 Define smin to   100.00000000000000     
 *****************************************************
 *               MadGraph/MadEvent                   *
 *        --------------------------------           *
 *          http://madgraph.hep.uiuc.edu             *
 *          http://madgraph.phys.ucl.ac.be           *
 *          http://madgraph.roma2.infn.it            *
 *        --------------------------------           *
 *                                                   *
 *          PARAMETER AND COUPLING VALUES            *
 *                                                   *
 *****************************************************

  External Params
  ---------------------------------
  
 mdl_thm =    9.9999999999999995E-007
 mdl_the =    1.0000000000000000E-002
 mdl_tht =    1.0000000000000000E-002
 mdl_cabi =   0.22773599999999999     
 aEWM1 =    127.90000000000001     
 mdl_Gf =    1.1663700000000000E-005
 aS =   0.11839999999999999     
 mdl_ymdo =    5.0400000000000002E-003
 mdl_ymup =    2.5500000000000002E-003
 mdl_yms =   0.10100000000000001     
 mdl_ymc =    1.2700000000000000     
 mdl_ymb =    4.7000000000000002     
 mdl_ymt =    172.00000000000000     
 mdl_yme =    5.1099999999999995E-004
 mdl_ymm =   0.10566000000000000     
 mdl_ymtau =    1.7769999999999999     
 mdl_MZ =    91.187600000000003     
 mdl_Me =    5.1099999999999995E-004
 mdl_MMU =   0.10566000000000000     
 mdl_MTA =    1.7769999999999999     
 mdl_MU =    2.5500000000000002E-003
 mdl_MC =    1.2700000000000000     
 mdl_MT =    172.00000000000000     
 mdl_MD =    5.0400000000000002E-003
 mdl_MS =   0.10100000000000001     
 mdl_MB =    4.7000000000000002     
 mdl_MNR =    2.0000000000000000     
 mdl_MH =    125.00000000000000     
 mdl_WZ =    2.4952000000000001     
 mdl_WW =    2.0850000000000000     
 mdl_Wc =    1.0000000000000000E-003
 mdl_WT =    1.5083359999999999     
 mdl_Wb =    1.0000000000000000E-003
 mdl_WNR =    1.3599690000000001E-015
 mdl_WH =    4.0699999999999998E-003
  Internal Params
  ---------------------------------
  
 mdl_cos__cabi =   0.97418004031982097     
 mdl_CKM1x1 =               (0.97418004031982097,0.0000000000000000)
 mdl_sin__cabi =   0.22577256042856930     
 mdl_CKM1x2 =               (0.22577256042856930,0.0000000000000000)
 mdl_CKM1x3 =          (3.51000000000000010E-003,0.0000000000000000)
 mdl_CKM2x1 =              (-0.22577256042856930,0.0000000000000000)
 mdl_CKM2x2 =               (0.97418004031982097,0.0000000000000000)
 mdl_CKM2x3 =          (4.12000000000000005E-002,0.0000000000000000)
 mdl_CKM3x1 =          (8.67000000000000062E-003,0.0000000000000000)
 mdl_CKM3x2 =          (4.03999999999999984E-002,0.0000000000000000)
 mdl_CKM3x3 =               (0.99914599999999998,0.0000000000000000)
 mdl_MZ__exp__2 =    8315.1783937600012     
 mdl_MZ__exp__4 =    69142191.720053151     
 mdl_sqrt__2 =    1.4142135623730951     
 mdl_MH__exp__2 =    15625.000000000000     
 mdl_complexi =                (0.0000000000000000,1.0000000000000000)
 mdl_conjg__CKM1x1 =              (0.97418004031982097,-0.0000000000000000)
 mdl_conjg__CKM1x2 =              (0.22577256042856930,-0.0000000000000000)
 mdl_conjg__CKM1x3 =         (3.51000000000000010E-003,-0.0000000000000000)
 mdl_conjg__CKM2x1 =             (-0.22577256042856930,-0.0000000000000000)
 mdl_conjg__CKM2x2 =              (0.97418004031982097,-0.0000000000000000)
 mdl_conjg__CKM2x3 =         (4.12000000000000005E-002,-0.0000000000000000)
 mdl_conjg__CKM3x1 =         (8.67000000000000062E-003,-0.0000000000000000)
 mdl_conjg__CKM3x2 =         (4.03999999999999984E-002,-0.0000000000000000)
 mdl_conjg__CKM3x3 =              (0.99914599999999998,-0.0000000000000000)
 mdl_aEW =    7.8186082877247844E-003
 mdl_MW =    79.824359746197842     
 mdl_sqrt__aEW =    8.8422894590285753E-002
 mdl_ee =   0.31345100004952897     
 mdl_MW__exp__2 =    6371.9284088904105     
 mdl_sw2 =   0.23369913342182447     
 mdl_cw =   0.87538612427783857     
 mdl_sqrt__sw2 =   0.48342438232036300     
 mdl_sw =   0.48342438232036300     
 mdl_g1 =   0.35807170271074895     
 mdl_gw =   0.64839716719502682     
 mdl_vev =    246.22056907348590     
 mdl_vev__exp__2 =    60624.568634871241     
 mdl_lam =   0.12886689630821144     
 mdl_yb =    2.6995322804122722E-002
 mdl_yc =    7.2944808428161397E-003
 mdl_ydo =    2.8948175943144366E-005
 mdl_ye =    2.9350233942354699E-006
 mdl_ym =    6.0687783137949077E-004
 mdl_ys =    5.8011225600348830E-004
 mdl_yt =   0.98791394091683138     
 mdl_ytau =    1.0206529494239589E-002
 mdl_yup =    1.4646398542662327E-005
 mdl_muH =    88.388347648318444     
 mdl_ee__exp__2 =    9.8251529432049817E-002
 mdl_sw__exp__2 =   0.23369913342182450     
 mdl_cw__exp__2 =   0.76630086657817542     
  Internal Params evaluated point by point
  ----------------------------------------
  
 mdl_sqrt__aS =   0.34409301068170506     
 mdl_G__exp__2 =    1.4878582807401259     
  Couplings of SM_RHN_UFO
  ---------------------------------
  
        GC_13 =   0.00000E+00   0.45849E+00
        GC_14 =   0.00000E+00   0.44665E+00
        GC_15 =   0.00000E+00   0.10351E+00
        GC_17 =  -0.00000E+00  -0.10351E+00
        GC_18 =   0.00000E+00   0.44665E+00
        GC_23 =  -0.00000E+00  -0.28380E+00
        GC_27 =   0.00000E+00   0.86550E-01
        GC_35 =  -0.00000E+00  -0.45849E-06
        GC_36 =  -0.00000E+00  -0.37035E-06
        GC_40 =  -0.00000E+00  -0.81228E-08
        GC_49 =  -0.00000E+00  -0.42913E-03
        GC_54 =   0.00000E+00   0.44665E+00
        GC_55 =   0.00000E+00   0.10351E+00
        GC_57 =   0.00000E+00  -0.10351E+00
        GC_58 =   0.00000E+00   0.44665E+00

 Collider parameters:
 --------------------

 Running at P P   machine @    13000.000000000000       GeV
 PDF set = nn23lo1
 alpha_s(Mz)= 0.1300 running at 2 loops.
 alpha_s(Mz)= 0.1300 running at 2 loops.
 Renormalization scale set on event-by-event basis
 Factorization   scale set on event-by-event basis


 getting user params
Enter number of events and max and min iterations: 
 Number of events and iterations         1000           5           3
Enter desired fractional accuracy: 
 Desired fractional accuracy:   0.10000000000000001     
Enter 0 for fixed, 2 for adjustable grid: 
Suppress amplitude (0 no, 1 yes)? 
 Using suppressed amplitude.
Exact helicity sum (0 yes, n = number/event)? 
 Explicitly summing over helicities
Enter Configuration Number: 
Running Configuration Number:    3
 Using dconfig=          14
 BW Setting            2           1           1           0
 Attempting mappinvarients           1           6
 Completed mapping           6
 about to integrate           10        1000           5           3          10           1
 Using non-zero grid deformation.
 10 dimensions   1000 events 10 invarients  5 iterations  1 config(s),  (0.99)
 Using h-tuple random number sequence.
 Error opening grid
 Using Uniform Grid!          24
 Using uniform alpha   1.0000000000000000     
 Grid defined OK
 Set CM energy to      13000.00
 Mapping Graph           3  to config           3
Setting grid   1    0.66059E-10   1
 Setting BW          -2           2   2.0000000000000000     
 Setting PDF BW           9           3   79.824359746197842     
 Transforming s_hat BW    3.7703718395801249E-005   9.8481532586285519E-007
   3   1   2   3   4   5   6   7   8   9  10
 Masses: 0.127E+01 0.504E-02 0.106E+00 0.106E+00 0.106E+00 0.000E+00
Using random seed offsets     3 :      3
  with seed                   24
 Ranmar initialization seeds       31061        9400
 
 ********************************************
 * You are using the DiscreteSampler module *
 *      part of the MG5_aMC framework       *
 *         Author: Valentin Hirschi         *
 ********************************************
 
  Particle       3       4       5       6
      Et >    10.0     0.0     0.0     0.0
       E >     0.0     0.0     0.0     0.0
     Eta <     2.5    -1.0    -1.0    -1.0
   xqcut:      0.0     0.0     0.0     0.0
d R # 3  >    -0.0     0.0     0.0     0.0
d R # 4  >    -0.0    -0.0     0.0     0.0
d R # 5  >    -0.0    -0.0    -0.0     0.0
s min # 3>     0.0     0.0     0.0     0.0
s min # 4>     0.0     0.0     0.0     0.0
s min # 5>     0.0     0.0     0.0     0.0
xqcutij # 3>     0.0     0.0     0.0     0.0
xqcutij # 4>     0.0     0.0     0.0     0.0
xqcutij # 5>     0.0     0.0     0.0     0.0
 Excluding BW           -1           1
 Requiring BW           -2           2
 Requiring BW           -3           3
 alpha_s for scale    80.154456122277495       is   0.13286136594148498     
 Added good helicity           17   9.0281204681482447E-003  in event            1 local:           1
 Added good helicity           19   1.3010083620335441E-004  in event            1 local:           1
 Added good helicity           21   2.0780370290118339E-005  in event            1 local:           1
 Added good helicity           23   9.3853523915254050E-006  in event            1 local:           1
 Added good helicity           33   1.4209545547695905E-007  in event            1 local:           1
 Added good helicity           49   62.812295499175043       in event            1 local:           1
 Added good helicity           51  0.97043030515350348       in event            1 local:           1
 Added good helicity           53  0.13605869324790695       in event            1 local:           1
 Added good helicity           55   7.1967513093906352E-002  in event            1 local:           1
 Added good helicity           57   5.8361499081783956E-005  in event            1 local:           1
 Added good helicity           59   9.0166689360836030E-007  in event            1 local:           1
 Added good helicity           61   1.2641775368901688E-007  in event            1 local:           1
 Added good helicity           63   6.6867990032356887E-008  in event            1 local:           1
 Added good helicity           17   9.0281204681481198E-003  in event            1 local:           1
 Added good helicity           19   1.3010083620334958E-004  in event            1 local:           1
 Added good helicity           21   2.0780370290117105E-005  in event            1 local:           1
 Added good helicity           23   9.3853523915179561E-006  in event            1 local:           1
 Added good helicity           33   1.4209545547695701E-007  in event            1 local:           1
 Added good helicity           49   62.812295499175228       in event            1 local:           1
 Added good helicity           51  0.97043030515346984       in event            1 local:           1
 Added good helicity           53  0.13605869324789938       in event            1 local:           1
 Added good helicity           55   7.1967513093785213E-002  in event            1 local:           1
 Added good helicity           57   5.8361499081784146E-005  in event            1 local:           1
 Added good helicity           59   9.0166689360832864E-007  in event            1 local:           1
 Added good helicity           61   1.2641775368900984E-007  in event            1 local:           1
 Added good helicity           63   6.6867990032244351E-008  in event            1 local:           1
 Added good helicity           35   1.5696149718764384E-008  in event            7 local:           3
 Added good helicity           35   1.5696149718763663E-008  in event            5 local:           3
 Added good helicity           39   1.1596637609915740E-008  in event           11 local:           5
 Added good helicity           39   1.1596637609916481E-008  in event           11 local:           7
 Added good helicity            1   1.0068018389307139E-007  in event           19 local:           9
 Added good helicity           25   1.0774696740905754E-005  in event           19 local:           9
 Added good helicity           27   1.8658420672377732E-007  in event           19 local:           9
 Added good helicity           29   1.7581510999140699E-008  in event           19 local:           9
 Added good helicity           31   1.3553090867259999E-007  in event           19 local:           9
 Added good helicity           37   1.9412019237767364E-008  in event           19 local:           9
 Added good helicity            1   1.0068018389309119E-007  in event           18 local:          10
 Added good helicity           25   1.0774696740907928E-005  in event           18 local:          10
 Added good helicity           27   1.8658420672383317E-007  in event           18 local:          10
 Added good helicity           29   1.7581510999144610E-008  in event           18 local:          10
 Added good helicity           31   1.3553090867257043E-007  in event           18 local:          10
 Added good helicity           37   1.9412019237772331E-008  in event           18 local:          10
 RESET CUMULATIVE VARIABLE
 RESET CUMULATIVE VARIABLE
 RESET CUMULATIVE VARIABLE
 Iteration  1   Mean: 0.3299E-19 Abs mean: 0.3299E-19   Fluctuation:  0.250E-20   0.875E-18    18.6%
  1    0.3299E-19 0.3299E-19 +- 0.2505E-20      2.40
 Writing out events   3.5436935470736492E-023   2.4008020687898801     
 Relative summed weights:
  0.2479E+00  0.2634E+00  0.0000E+00  0.0000E+00
  0.0000E+00  0.0000E+00  0.2415E+00  0.2472E+00
 Relative number of events:
  0.2205E+00  0.2579E+00  0.0000E+00  0.0000E+00
  0.0000E+00  0.0000E+00  0.2618E+00  0.2598E+00
 Events:
         224         262           0           0
           0           0         266         264
 Iteration  2   Mean: 0.3219E-19 Abs mean: 0.3219E-19   Fluctuation:  0.113E-20   0.409E-18    60.3%
  2    0.3219E-19 0.3219E-19 +- 0.1130E-20      1.57
 Relative summed weights:
  0.2458E+00  0.2702E+00  0.0000E+00  0.0000E+00
  0.0000E+00  0.0000E+00  0.2203E+00  0.2636E+00
 Relative number of events:
  0.2445E+00  0.2495E+00  0.0000E+00  0.0000E+00
  0.0000E+00  0.0000E+00  0.2490E+00  0.2570E+00
 Events:
         489         499           0           0
           0           0         498         514
 Iteration  3   Mean: 0.3339E-19 Abs mean: 0.3339E-19   Fluctuation:  0.644E-21   0.302E-18    73.7%
  3    0.3339E-19 0.3339E-19 +- 0.6440E-21      1.22
 Relative summed weights:
  0.2338E+00  0.2412E+00  0.0000E+00  0.0000E+00
  0.0000E+00  0.0000E+00  0.2618E+00  0.2632E+00
 Relative number of events:
  0.2323E+00  0.2340E+00  0.0000E+00  0.0000E+00
  0.0000E+00  0.0000E+00  0.2685E+00  0.2652E+00
 Events:
         929         936           0           0
           0           0        1074        1061
 Accuracy:    0.011   0.100   0.016   0.407
 Finished due to accuracy    1.0522251620633182E-002  0.10000000000000001     

 -------------------------------------------------------------------------------
 Accumulated results:   Integral =  0.3310E-19
                        Std dev  =  0.5462E-21
                       Cross sec =  0.3310E-19
             Chi**2 per DoF.     =      0.4067
 -------------------------------------------------------------------------------
 Found          546  events.
 Wrote          543  events.
 Actual xsec    3.3104748431158287E-020
 Correct abs xsec    3.3104748431158287E-020
 Event xsec    3.3104748431158275E-020
 Events wgts > 1:            1
 % Cross section > 1:    1.6569438819301752E-023   5.0051547299198182E-002
-------------------------------------------------
---------------------------
 Results Last   3 iters: Integral =   0.3310E-19
                     Abs integral =   0.3310E-19
                          Std dev =   0.5462E-21
                  Chi**2 per DoF. =      0.4227
-------------------------------------------------
---------------------------
 Status  0.10000000000000001                4           5

ls status:
events.lhe
ftn26
input_app.txt
results.dat
run1_app.log
