 Process in group number            1
 A PDF is used, so alpha_s(MZ) is going to be modified
 Old value of alpha_s from param_card:   0.11839999999999999     
  ****************************************
 
       NNPDFDriver version 1.0.3
   Grid: NNPDF23_lo_as_0130_qed_mem0.grid
  ****************************************
 New value of alpha_s from PDF nn23lo1:  0.13000000000000000     
 Define smin to   100.00000000000000     
 Define smin to   100.00000000000000     
 *****************************************************
 *               MadGraph/MadEvent                   *
 *        --------------------------------           *
 *          http://madgraph.hep.uiuc.edu             *
 *          http://madgraph.phys.ucl.ac.be           *
 *          http://madgraph.roma2.infn.it            *
 *        --------------------------------           *
 *                                                   *
 *          PARAMETER AND COUPLING VALUES            *
 *                                                   *
 *****************************************************

  External Params
  ---------------------------------
  
 mdl_thm =    5.0000000000000004E-006
 mdl_the =    1.0000000000000000E-002
 mdl_tht =    1.0000000000000000E-002
 mdl_cabi =   0.22773599999999999     
 aEWM1 =    127.90000000000001     
 mdl_Gf =    1.1663700000000000E-005
 aS =   0.11839999999999999     
 mdl_ymdo =    5.0400000000000002E-003
 mdl_ymup =    2.5500000000000002E-003
 mdl_yms =   0.10100000000000001     
 mdl_ymc =    1.2700000000000000     
 mdl_ymb =    4.7000000000000002     
 mdl_ymt =    172.00000000000000     
 mdl_yme =    5.1099999999999995E-004
 mdl_ymm =   0.10566000000000000     
 mdl_ymtau =    1.7769999999999999     
 mdl_MZ =    91.187600000000003     
 mdl_Me =    5.1099999999999995E-004
 mdl_MMU =   0.10566000000000000     
 mdl_MTA =    1.7769999999999999     
 mdl_MU =    2.5500000000000002E-003
 mdl_MC =    1.2700000000000000     
 mdl_MT =    172.00000000000000     
 mdl_MD =    5.0400000000000002E-003
 mdl_MS =   0.10100000000000001     
 mdl_MB =    4.7000000000000002     
 mdl_MNR =    2.0000000000000000     
 mdl_MH =    125.00000000000000     
 mdl_WZ =    2.4952000000000001     
 mdl_WW =    2.0850000000000000     
 mdl_Wc =    1.0000000000000000E-003
 mdl_WT =    1.5083359999999999     
 mdl_Wb =    1.0000000000000000E-003
 mdl_WNR =    1.3599690000000001E-015
 mdl_WH =    4.0699999999999998E-003
  Internal Params
  ---------------------------------
  
 mdl_cos__cabi =   0.97418004031982097     
 mdl_CKM1x1 =               (0.97418004031982097,0.0000000000000000)
 mdl_sin__cabi =   0.22577256042856930     
 mdl_CKM1x2 =               (0.22577256042856930,0.0000000000000000)
 mdl_CKM1x3 =          (3.51000000000000010E-003,0.0000000000000000)
 mdl_CKM2x1 =              (-0.22577256042856930,0.0000000000000000)
 mdl_CKM2x2 =               (0.97418004031982097,0.0000000000000000)
 mdl_CKM2x3 =          (4.12000000000000005E-002,0.0000000000000000)
 mdl_CKM3x1 =          (8.67000000000000062E-003,0.0000000000000000)
 mdl_CKM3x2 =          (4.03999999999999984E-002,0.0000000000000000)
 mdl_CKM3x3 =               (0.99914599999999998,0.0000000000000000)
 mdl_MZ__exp__2 =    8315.1783937600012     
 mdl_MZ__exp__4 =    69142191.720053151     
 mdl_sqrt__2 =    1.4142135623730951     
 mdl_MH__exp__2 =    15625.000000000000     
 mdl_complexi =                (0.0000000000000000,1.0000000000000000)
 mdl_conjg__CKM1x1 =              (0.97418004031982097,-0.0000000000000000)
 mdl_conjg__CKM1x2 =              (0.22577256042856930,-0.0000000000000000)
 mdl_conjg__CKM1x3 =         (3.51000000000000010E-003,-0.0000000000000000)
 mdl_conjg__CKM2x1 =             (-0.22577256042856930,-0.0000000000000000)
 mdl_conjg__CKM2x2 =              (0.97418004031982097,-0.0000000000000000)
 mdl_conjg__CKM2x3 =         (4.12000000000000005E-002,-0.0000000000000000)
 mdl_conjg__CKM3x1 =         (8.67000000000000062E-003,-0.0000000000000000)
 mdl_conjg__CKM3x2 =         (4.03999999999999984E-002,-0.0000000000000000)
 mdl_conjg__CKM3x3 =              (0.99914599999999998,-0.0000000000000000)
 mdl_aEW =    7.8186082877247844E-003
 mdl_MW =    79.824359746197842     
 mdl_sqrt__aEW =    8.8422894590285753E-002
 mdl_ee =   0.31345100004952897     
 mdl_MW__exp__2 =    6371.9284088904105     
 mdl_sw2 =   0.23369913342182447     
 mdl_cw =   0.87538612427783857     
 mdl_sqrt__sw2 =   0.48342438232036300     
 mdl_sw =   0.48342438232036300     
 mdl_g1 =   0.35807170271074895     
 mdl_gw =   0.64839716719502682     
 mdl_vev =    246.22056907348590     
 mdl_vev__exp__2 =    60624.568634871241     
 mdl_lam =   0.12886689630821144     
 mdl_yb =    2.6995322804122722E-002
 mdl_yc =    7.2944808428161397E-003
 mdl_ydo =    2.8948175943144366E-005
 mdl_ye =    2.9350233942354699E-006
 mdl_ym =    6.0687783137949077E-004
 mdl_ys =    5.8011225600348830E-004
 mdl_yt =   0.98791394091683138     
 mdl_ytau =    1.0206529494239589E-002
 mdl_yup =    1.4646398542662327E-005
 mdl_muH =    88.388347648318444     
 mdl_ee__exp__2 =    9.8251529432049817E-002
 mdl_sw__exp__2 =   0.23369913342182450     
 mdl_cw__exp__2 =   0.76630086657817542     
  Internal Params evaluated point by point
  ----------------------------------------
  
 mdl_sqrt__aS =   0.34409301068170506     
 mdl_G__exp__2 =    1.4878582807401259     
  Couplings of SM_RHN_UFO
  ---------------------------------
  
        GC_13 =   0.00000E+00   0.45849E+00
        GC_14 =   0.00000E+00   0.44665E+00
        GC_15 =   0.00000E+00   0.10351E+00
        GC_17 =  -0.00000E+00  -0.10351E+00
        GC_18 =   0.00000E+00   0.44665E+00
        GC_23 =  -0.00000E+00  -0.28380E+00
        GC_27 =   0.00000E+00   0.86550E-01
        GC_35 =  -0.00000E+00  -0.22924E-05
        GC_36 =  -0.00000E+00  -0.18517E-05
        GC_40 =  -0.00000E+00  -0.40614E-07
        GC_49 =  -0.00000E+00  -0.42913E-03
        GC_54 =   0.00000E+00   0.44665E+00
        GC_55 =   0.00000E+00   0.10351E+00
        GC_57 =   0.00000E+00  -0.10351E+00
        GC_58 =   0.00000E+00   0.44665E+00

 Collider parameters:
 --------------------

 Running at P P   machine @    13000.000000000000       GeV
 PDF set = nn23lo1
 alpha_s(Mz)= 0.1300 running at 2 loops.
 alpha_s(Mz)= 0.1300 running at 2 loops.
 Renormalization scale set on event-by-event basis
 Factorization   scale set on event-by-event basis


 getting user params
Enter number of events and max and min iterations: 
 Number of events and iterations         1000           5           3
Enter desired fractional accuracy: 
 Desired fractional accuracy:   0.10000000000000001     
Enter 0 for fixed, 2 for adjustable grid: 
Suppress amplitude (0 no, 1 yes)? 
 Using suppressed amplitude.
Exact helicity sum (0 yes, n = number/event)? 
 Explicitly summing over helicities
Enter Configuration Number: 
Running Configuration Number:    1
 Using dconfig=          23
 BW Setting            2           1           2           0
 Attempting mappinvarients           1           6
 Completed mapping           6
 about to integrate           10        1000           5           3          10           1
 Using non-zero grid deformation.
 10 dimensions   1000 events 10 invarients  5 iterations  1 config(s),  (0.99)
 Using h-tuple random number sequence.
 Error opening grid
 Using Uniform Grid!          24
 Using uniform alpha   1.0000000000000000     
 Grid defined OK
 Set CM energy to      13000.00
 Mapping Graph           1  to config           1
Setting grid   1    0.26424E-09   1
 Setting BW          -2           2   2.0000000000000000     
Setting grid   3    0.26235E-07   1
 Transforming s_hat 1/s            9   8.5206674556745557E-007   100.00000000000000        168999999.99999997     
   1   1   2   3   4   5   6   7   8   9  10
 Masses: 0.127E+01 0.101E+00 0.106E+00 0.106E+00 0.106E+00 0.000E+00
Using random seed offsets     1 :      4
  with seed                   24
 Ranmar initialization seeds       31059        9401
 
 ********************************************
 * You are using the DiscreteSampler module *
 *      part of the MG5_aMC framework       *
 *         Author: Valentin Hirschi         *
 ********************************************
 
  Particle       3       4       5       6
      Et >    10.0     0.0     0.0     0.0
       E >     0.0     0.0     0.0     0.0
     Eta <     2.5    -1.0    -1.0    -1.0
   xqcut:      0.0     0.0     0.0     0.0
d R # 3  >    -0.0     0.0     0.0     0.0
d R # 4  >    -0.0    -0.0     0.0     0.0
d R # 5  >    -0.0    -0.0    -0.0     0.0
s min # 3>     0.0     0.0     0.0     0.0
s min # 4>     0.0     0.0     0.0     0.0
s min # 5>     0.0     0.0     0.0     0.0
xqcutij # 3>     0.0     0.0     0.0     0.0
xqcutij # 4>     0.0     0.0     0.0     0.0
xqcutij # 5>     0.0     0.0     0.0     0.0
 Excluding BW           -1           1
 Requiring BW           -2           2
 Excluding BW           -3           3
 alpha_s for scale    35.365389162474770       is   0.15453795196620121     
 Added good helicity            1   2.7843611343671945E-005  in event            1 local:           1
 Added good helicity            3   2.3085782976698558E-006  in event            1 local:           1
 Added good helicity            5   1.6577395409735251E-006  in event            1 local:           1
 Added good helicity            7   3.5306002908608520E-006  in event            1 local:           1
 Added good helicity           17  0.40675642211393476       in event            1 local:           1
 Added good helicity           19   4.4732137514365888E-002  in event            1 local:           1
 Added good helicity           21   2.4575860616678952E-002  in event            1 local:           1
 Added good helicity           23   5.5895990343547697E-002  in event            1 local:           1
 Added good helicity           25   2.0444699689175968E-008  in event            1 local:           1
 Added good helicity           33   3.3185955318243109E-003  in event            1 local:           1
 Added good helicity           35   2.8337447083628519E-004  in event            1 local:           1
 Added good helicity           37   1.9788497955606777E-004  in event            1 local:           1
 Added good helicity           39   4.2431810547684462E-004  in event            1 local:           1
 Added good helicity           41   1.5316514488374412E-007  in event            1 local:           1
 Added good helicity           43   1.2633092162902578E-008  in event            1 local:           1
 Added good helicity           47   1.9392892675292761E-008  in event            1 local:           1
 Added good helicity           49   48.339576003862540       in event            1 local:           1
 Added good helicity           51   5.4908014969061227       in event            1 local:           1
 Added good helicity           53   2.9254564806067456       in event            1 local:           1
 Added good helicity           55   6.7043440327747161       in event            1 local:           1
 Added good helicity           57   2.7436304566779528E-003  in event            1 local:           1
 Added good helicity           59   3.1164382197478913E-004  in event            1 local:           1
 Added good helicity           61   1.6604141292503712E-004  in event            1 local:           1
 Added good helicity           63   3.8052138642875177E-004  in event            1 local:           1
 Added good helicity            1   2.7843611343671874E-005  in event            1 local:           1
 Added good helicity            3   2.3085782976699020E-006  in event            1 local:           1
 Added good helicity            5   1.6577395409735688E-006  in event            1 local:           1
 Added good helicity            7   3.5306002908609248E-006  in event            1 local:           1
 Added good helicity           17  0.40675642211393193       in event            1 local:           1
 Added good helicity           19   4.4732137514366749E-002  in event            1 local:           1
 Added good helicity           21   2.4575860616679490E-002  in event            1 local:           1
 Added good helicity           23   5.5895990343549112E-002  in event            1 local:           1
 Added good helicity           25   2.0444699689175856E-008  in event            1 local:           1
 Added good helicity           33   3.3185955318243009E-003  in event            1 local:           1
 Added good helicity           35   2.8337447083629061E-004  in event            1 local:           1
 Added good helicity           37   1.9788497955607282E-004  in event            1 local:           1
 Added good helicity           39   4.2431810547685368E-004  in event            1 local:           1
 Added good helicity           41   1.5316514488374378E-007  in event            1 local:           1
 Added good helicity           43   1.2633092162902818E-008  in event            1 local:           1
 Added good helicity           47   1.9392892675293162E-008  in event            1 local:           1
 Added good helicity           49   48.339576003862199       in event            1 local:           1
 Added good helicity           51   5.4908014969062284       in event            1 local:           1
 Added good helicity           53   2.9254564806068069       in event            1 local:           1
 Added good helicity           55   6.7043440327748813       in event            1 local:           1
 Added good helicity           57   2.7436304566779328E-003  in event            1 local:           1
 Added good helicity           59   3.1164382197479521E-004  in event            1 local:           1
 Added good helicity           61   1.6604141292504056E-004  in event            1 local:           1
 Added good helicity           63   3.8052138642876121E-004  in event            1 local:           1
 Added good helicity           31   1.1981902519044591E-008  in event            2 local:           1
 Added good helicity           31   1.1981902519044629E-008  in event            2 local:           1
 Added good helicity           27   1.8600010762789074E-007  in event            3 local:           2
 Added good helicity           29   2.6143173136002925E-007  in event            3 local:           2
 Added good helicity           27   1.8600010762789021E-007  in event            4 local:           2
 Added good helicity           29   2.6143173136002840E-007  in event            4 local:           2
 Added good helicity           45   3.0678736539225748E-008  in event           24 local:          13
 Added good helicity           45   3.0678736539225656E-008  in event           23 local:          11
 RESET CUMULATIVE VARIABLE
 RESET CUMULATIVE VARIABLE
 RESET CUMULATIVE VARIABLE
 Iteration  1   Mean: 0.3519E-27 Abs mean: 0.3519E-27   Fluctuation:  0.136E-27   0.921E-25     4.3%
  1    0.3519E-27 0.3519E-27 +- 0.1358E-27     12.21
 Writing out events   1.6510555125645465E-030   12.205625018172491     
 Relative summed weights:
  0.1700E+00  0.3207E+00  0.2837E+00  0.2256E+00
 Relative number of events:
  0.4421E+00  0.4105E+00  0.7122E-01  0.7616E-01
 Events:
         447         415          72          77
 Iteration  2   Mean: 0.3879E-27 Abs mean: 0.3879E-27   Fluctuation:  0.134E-27   0.259E-24    46.2%
  2    0.3879E-27 0.3879E-27 +- 0.1340E-27     15.45
 Relative summed weights:
  0.1554E+00  0.2616E+00  0.4944E+00  0.8858E-01
 Relative number of events:
  0.4465E+00  0.4340E+00  0.6200E-01  0.5750E-01
 Events:
         893         868         124         115
 Iteration  3   Mean: 0.3977E-27 Abs mean: 0.3977E-27   Fluctuation:  0.389E-28   0.104E-24    58.3%
  3    0.3977E-27 0.3977E-27 +- 0.3887E-28      6.18
 Relative summed weights:
  0.2532E+00  0.2495E+00  0.2029E+00  0.2944E+00
 Relative number of events:
  0.4397E+00  0.4245E+00  0.6350E-01  0.7225E-01
 Events:
        1759        1698         254         289
 Accuracy:    0.019   0.100   0.091   0.044
 Finished due to accuracy    1.9101876222247648E-002  0.10000000000000001     

 -------------------------------------------------------------------------------
 Accumulated results:   Integral =  0.3944E-27
                        Std dev  =  0.3604E-28
                       Cross sec =  0.3944E-27
             Chi**2 per DoF.     =      0.0437
 -------------------------------------------------------------------------------
 Found          382  events.
 Wrote           21  events.
 Actual xsec    3.9440900059447401E-028
 Correct abs xsec    3.9440900059447401E-028
 Event xsec    3.9440900059447410E-028
 Events wgts > 1:            0
 % Cross section > 1:    0.0000000000000000        0.0000000000000000     
-------------------------------------------------
---------------------------
 Results Last   3 iters: Integral =   0.3944E-27
                     Abs integral =   0.3944E-27
                          Std dev =   0.3604E-28
                  Chi**2 per DoF. =      0.0537
-------------------------------------------------
---------------------------
 Status  0.10000000000000001                4           5

ls status:
events.lhe
ftn26
input_app.txt
results.dat
run1_app.log
