 Process in group number            1
 A PDF is used, so alpha_s(MZ) is going to be modified
 Old value of alpha_s from param_card:   0.11839999999999999     
  ****************************************
 
       NNPDFDriver version 1.0.3
   Grid: NNPDF23_lo_as_0130_qed_mem0.grid
  ****************************************
 New value of alpha_s from PDF nn23lo1:  0.13000000000000000     
 Define smin to   100.00000000000000     
 Define smin to   100.00000000000000     
 *****************************************************
 *               MadGraph/MadEvent                   *
 *        --------------------------------           *
 *          http://madgraph.hep.uiuc.edu             *
 *          http://madgraph.phys.ucl.ac.be           *
 *          http://madgraph.roma2.infn.it            *
 *        --------------------------------           *
 *                                                   *
 *          PARAMETER AND COUPLING VALUES            *
 *                                                   *
 *****************************************************

  External Params
  ---------------------------------
  
 mdl_thm =    5.0000000000000002E-005
 mdl_the =    1.0000000000000000E-002
 mdl_tht =    1.0000000000000000E-002
 mdl_cabi =   0.22773599999999999     
 aEWM1 =    127.90000000000001     
 mdl_Gf =    1.1663700000000000E-005
 aS =   0.11839999999999999     
 mdl_ymdo =    5.0400000000000002E-003
 mdl_ymup =    2.5500000000000002E-003
 mdl_yms =   0.10100000000000001     
 mdl_ymc =    1.2700000000000000     
 mdl_ymb =    4.7000000000000002     
 mdl_ymt =    172.00000000000000     
 mdl_yme =    5.1099999999999995E-004
 mdl_ymm =   0.10566000000000000     
 mdl_ymtau =    1.7769999999999999     
 mdl_MZ =    91.187600000000003     
 mdl_Me =    5.1099999999999995E-004
 mdl_MMU =   0.10566000000000000     
 mdl_MTA =    1.7769999999999999     
 mdl_MU =    2.5500000000000002E-003
 mdl_MC =    1.2700000000000000     
 mdl_MT =    172.00000000000000     
 mdl_MD =    5.0400000000000002E-003
 mdl_MS =   0.10100000000000001     
 mdl_MB =    4.7000000000000002     
 mdl_MNR =    2.0000000000000000     
 mdl_MH =    125.00000000000000     
 mdl_WZ =    2.4952000000000001     
 mdl_WW =    2.0850000000000000     
 mdl_Wc =    1.0000000000000000E-003
 mdl_WT =    1.5083359999999999     
 mdl_Wb =    1.0000000000000000E-003
 mdl_WNR =    1.3599690000000001E-015
 mdl_WH =    4.0699999999999998E-003
  Internal Params
  ---------------------------------
  
 mdl_cos__cabi =   0.97418004031982097     
 mdl_CKM1x1 =               (0.97418004031982097,0.0000000000000000)
 mdl_sin__cabi =   0.22577256042856930     
 mdl_CKM1x2 =               (0.22577256042856930,0.0000000000000000)
 mdl_CKM1x3 =          (3.51000000000000010E-003,0.0000000000000000)
 mdl_CKM2x1 =              (-0.22577256042856930,0.0000000000000000)
 mdl_CKM2x2 =               (0.97418004031982097,0.0000000000000000)
 mdl_CKM2x3 =          (4.12000000000000005E-002,0.0000000000000000)
 mdl_CKM3x1 =          (8.67000000000000062E-003,0.0000000000000000)
 mdl_CKM3x2 =          (4.03999999999999984E-002,0.0000000000000000)
 mdl_CKM3x3 =               (0.99914599999999998,0.0000000000000000)
 mdl_MZ__exp__2 =    8315.1783937600012     
 mdl_MZ__exp__4 =    69142191.720053151     
 mdl_sqrt__2 =    1.4142135623730951     
 mdl_MH__exp__2 =    15625.000000000000     
 mdl_complexi =                (0.0000000000000000,1.0000000000000000)
 mdl_conjg__CKM1x1 =              (0.97418004031982097,-0.0000000000000000)
 mdl_conjg__CKM1x2 =              (0.22577256042856930,-0.0000000000000000)
 mdl_conjg__CKM1x3 =         (3.51000000000000010E-003,-0.0000000000000000)
 mdl_conjg__CKM2x1 =             (-0.22577256042856930,-0.0000000000000000)
 mdl_conjg__CKM2x2 =              (0.97418004031982097,-0.0000000000000000)
 mdl_conjg__CKM2x3 =         (4.12000000000000005E-002,-0.0000000000000000)
 mdl_conjg__CKM3x1 =         (8.67000000000000062E-003,-0.0000000000000000)
 mdl_conjg__CKM3x2 =         (4.03999999999999984E-002,-0.0000000000000000)
 mdl_conjg__CKM3x3 =              (0.99914599999999998,-0.0000000000000000)
 mdl_aEW =    7.8186082877247844E-003
 mdl_MW =    79.824359746197842     
 mdl_sqrt__aEW =    8.8422894590285753E-002
 mdl_ee =   0.31345100004952897     
 mdl_MW__exp__2 =    6371.9284088904105     
 mdl_sw2 =   0.23369913342182447     
 mdl_cw =   0.87538612427783857     
 mdl_sqrt__sw2 =   0.48342438232036300     
 mdl_sw =   0.48342438232036300     
 mdl_g1 =   0.35807170271074895     
 mdl_gw =   0.64839716719502682     
 mdl_vev =    246.22056907348590     
 mdl_vev__exp__2 =    60624.568634871241     
 mdl_lam =   0.12886689630821144     
 mdl_yb =    2.6995322804122722E-002
 mdl_yc =    7.2944808428161397E-003
 mdl_ydo =    2.8948175943144366E-005
 mdl_ye =    2.9350233942354699E-006
 mdl_ym =    6.0687783137949077E-004
 mdl_ys =    5.8011225600348830E-004
 mdl_yt =   0.98791394091683138     
 mdl_ytau =    1.0206529494239589E-002
 mdl_yup =    1.4646398542662327E-005
 mdl_muH =    88.388347648318444     
 mdl_ee__exp__2 =    9.8251529432049817E-002
 mdl_sw__exp__2 =   0.23369913342182450     
 mdl_cw__exp__2 =   0.76630086657817542     
  Internal Params evaluated point by point
  ----------------------------------------
  
 mdl_sqrt__aS =   0.34409301068170506     
 mdl_G__exp__2 =    1.4878582807401259     
  Couplings of SM_RHN_UFO
  ---------------------------------
  
        GC_13 =   0.00000E+00   0.45849E+00
        GC_14 =   0.00000E+00   0.44665E+00
        GC_15 =   0.00000E+00   0.10351E+00
        GC_17 =  -0.00000E+00  -0.10351E+00
        GC_18 =   0.00000E+00   0.44665E+00
        GC_23 =  -0.00000E+00  -0.28380E+00
        GC_27 =   0.00000E+00   0.86550E-01
        GC_35 =  -0.00000E+00  -0.22924E-04
        GC_36 =  -0.00000E+00  -0.18517E-04
        GC_40 =  -0.00000E+00  -0.40614E-06
        GC_49 =  -0.00000E+00  -0.42913E-03
        GC_54 =   0.00000E+00   0.44665E+00
        GC_55 =   0.00000E+00   0.10351E+00
        GC_57 =   0.00000E+00  -0.10351E+00
        GC_58 =   0.00000E+00   0.44665E+00

 Collider parameters:
 --------------------

 Running at P P   machine @    13000.000000000000       GeV
 PDF set = nn23lo1
 alpha_s(Mz)= 0.1300 running at 2 loops.
 alpha_s(Mz)= 0.1300 running at 2 loops.
 Renormalization scale set on event-by-event basis
 Factorization   scale set on event-by-event basis


 getting user params
Enter number of events and max and min iterations: 
 Number of events and iterations         1000           5           3
Enter desired fractional accuracy: 
 Desired fractional accuracy:   0.10000000000000001     
Enter 0 for fixed, 2 for adjustable grid: 
Suppress amplitude (0 no, 1 yes)? 
 Using suppressed amplitude.
Exact helicity sum (0 yes, n = number/event)? 
 Explicitly summing over helicities
Enter Configuration Number: 
Running Configuration Number:    1
 Using dconfig=          23
 BW Setting            2           1           2           0
 Attempting mappinvarients           1           6
 Completed mapping           6
 about to integrate           10        1000           5           3          10           1
 Using non-zero grid deformation.
 10 dimensions   1000 events 10 invarients  5 iterations  1 config(s),  (0.99)
 Using h-tuple random number sequence.
 Error opening grid
 Using Uniform Grid!          24
 Using uniform alpha   1.0000000000000000     
 Grid defined OK
 Set CM energy to      13000.00
 Mapping Graph           1  to config           1
Setting grid   1    0.26424E-09   1
 Setting BW          -2           2   2.0000000000000000     
Setting grid   3    0.26235E-07   1
 Transforming s_hat 1/s            9   8.5206674556745557E-007   100.00000000000000        168999999.99999997     
   1   1   2   3   4   5   6   7   8   9  10
 Masses: 0.101E+00 0.127E+01 0.106E+00 0.106E+00 0.106E+00 0.000E+00
Using random seed offsets     1 :      8
  with seed                   24
 Ranmar initialization seeds       31059        9405
 
 ********************************************
 * You are using the DiscreteSampler module *
 *      part of the MG5_aMC framework       *
 *         Author: Valentin Hirschi         *
 ********************************************
 
  Particle       3       4       5       6
      Et >    10.0     0.0     0.0     0.0
       E >     0.0     0.0     0.0     0.0
     Eta <     2.5    -1.0    -1.0    -1.0
   xqcut:      0.0     0.0     0.0     0.0
d R # 3  >    -0.0     0.0     0.0     0.0
d R # 4  >    -0.0    -0.0     0.0     0.0
d R # 5  >    -0.0    -0.0    -0.0     0.0
s min # 3>     0.0     0.0     0.0     0.0
s min # 4>     0.0     0.0     0.0     0.0
s min # 5>     0.0     0.0     0.0     0.0
xqcutij # 3>     0.0     0.0     0.0     0.0
xqcutij # 4>     0.0     0.0     0.0     0.0
xqcutij # 5>     0.0     0.0     0.0     0.0
 Excluding BW           -1           1
 Requiring BW           -2           2
 Excluding BW           -3           3
 alpha_s for scale    196.93975779068455       is   0.11523468990347968     
 Added good helicity           17   1.0204785748487033E-005  in event            1 local:           1
 Added good helicity           21   5.4165413749663458E-008  in event            1 local:           1
 Added good helicity           23   1.6941601648011123E-006  in event            1 local:           1
 Added good helicity           33   1.3973743702125206E-003  in event            1 local:           1
 Added good helicity           35   1.2162438620460928E-007  in event            1 local:           1
 Added good helicity           37   7.6653042668774187E-006  in event            1 local:           1
 Added good helicity           39   2.7678658750611288E-004  in event            1 local:           1
 Added good helicity           41   1.0767048560743272E-008  in event            1 local:           1
 Added good helicity           49   54.080798834084533       in event            1 local:           1
 Added good helicity           51   9.8718401209642697E-005  in event            1 local:           1
 Added good helicity           53  0.29072782805136965       in event            1 local:           1
 Added good helicity           55   9.6266682129023344       in event            1 local:           1
 Added good helicity           57   1.0555942026432671E-005  in event            1 local:           1
 Added good helicity           61   5.6746685783915600E-008  in event            1 local:           1
 Added good helicity           63   1.8790135085625622E-006  in event            1 local:           1
 Added good helicity           17   1.0204785748486503E-005  in event            1 local:           1
 Added good helicity           21   5.4165413749667044E-008  in event            1 local:           1
 Added good helicity           23   1.6941601648011027E-006  in event            1 local:           1
 Added good helicity           33   1.3973743702126204E-003  in event            1 local:           1
 Added good helicity           35   1.2162438620461201E-007  in event            1 local:           1
 Added good helicity           37   7.6653042668779269E-006  in event            1 local:           1
 Added good helicity           39   2.7678658750612741E-004  in event            1 local:           1
 Added good helicity           41   1.0767048560743353E-008  in event            1 local:           1
 Added good helicity           49   54.080798834084348       in event            1 local:           1
 Added good helicity           51   9.8718401209645353E-005  in event            1 local:           1
 Added good helicity           53  0.29072782805138858       in event            1 local:           1
 Added good helicity           55   9.6266682129024996       in event            1 local:           1
 Added good helicity           57   1.0555942026432624E-005  in event            1 local:           1
 Added good helicity           61   5.6746685783919286E-008  in event            1 local:           1
 Added good helicity           63   1.8790135085625929E-006  in event            1 local:           1
 Added good helicity            1   2.3181841420386109E-008  in event            3 local:           2
 Added good helicity           19   4.4572076216960159E-008  in event            3 local:           2
 Added good helicity           47   7.5199556804236716E-008  in event            3 local:           2
 Added good helicity            1   2.3181841420386086E-008  in event            4 local:           3
 Added good helicity           19   4.4572076216960159E-008  in event            4 local:           3
 Added good helicity           47   7.5199556804236650E-008  in event            4 local:           3
 Added good helicity            5   1.1269329143340888E-008  in event            4 local:           2
 Added good helicity           45   3.5794801966229915E-007  in event            4 local:           2
 Added good helicity           59   4.4848797810913753E-008  in event            4 local:           2
 Added good helicity            5   1.1269329143340900E-008  in event            5 local:           2
 Added good helicity           45   3.5794801966229889E-007  in event            5 local:           2
 Added good helicity           59   4.4848797810913403E-008  in event            5 local:           2
 Added good helicity            3   1.8808330888601914E-008  in event            7 local:           3
 Added good helicity            7   1.0768392199613075E-006  in event            7 local:           3
 Added good helicity            3   1.8808330888603165E-008  in event            7 local:           3
 Added good helicity            7   1.0768392199613132E-006  in event            7 local:           3
 Added good helicity           43   1.3852478043498647E-008  in event           10 local:           4
 Added good helicity           43   1.3852478043498524E-008  in event            9 local:           4
 Added good helicity           25   2.2745806201395647E-008  in event           11 local:           7
 Added good helicity           25   2.2745806201395657E-008  in event           11 local:           6
 Added good helicity           29   1.3165005232127952E-008  in event           12 local:           5
 Added good helicity           29   1.3165005232128025E-008  in event           12 local:           6
 Added good helicity           31   1.7001286873823805E-008  in event           14 local:           6
 Added good helicity           31   1.7001286873823375E-008  in event           15 local:           7
 RESET CUMULATIVE VARIABLE
 RESET CUMULATIVE VARIABLE
 RESET CUMULATIVE VARIABLE
 Iteration  1   Mean: 0.1299E-23 Abs mean: 0.1299E-23   Fluctuation:  0.572E-24   0.534E-21     4.1%
  1    0.1299E-23 0.1299E-23 +- 0.5721E-24     13.93
 Writing out events   6.3144225568930263E-027   13.933242340924682     
 Relative summed weights:
  0.1415E+00  0.1442E+00  0.2018E+00  0.5125E+00
 Relative number of events:
  0.3544E+00  0.3850E+00  0.1382E+00  0.1224E+00
 Events:
         359         390         140         124
 Iteration  2   Mean: 0.4497E-23 Abs mean: 0.4497E-23   Fluctuation:  0.100E-23   0.148E-20    49.3%
  2    0.4497E-23 0.4497E-23 +- 0.1002E-23      9.96
 Relative summed weights:
  0.1325E+00  0.1258E+00  0.4826E+00  0.2591E+00
 Relative number of events:
  0.3540E+00  0.3650E+00  0.1470E+00  0.1340E+00
 Events:
         708         730         294         268
 Iteration  3   Mean: 0.3470E-23 Abs mean: 0.3470E-23   Fluctuation:  0.265E-24   0.706E-21    61.8%
  3    0.3470E-23 0.3470E-23 +- 0.2647E-24      4.82
 Relative summed weights:
  0.2774E+00  0.2491E+00  0.2240E+00  0.2495E+00
 Relative number of events:
  0.3550E+00  0.3638E+00  0.1447E+00  0.1365E+00
 Events:
        1420        1455         579         546
 Accuracy:    0.096   0.100   0.071   1.822
 Finished due to accuracy    9.6124645032798578E-002  0.10000000000000001     

 -------------------------------------------------------------------------------
 Accumulated results:   Integral =  0.3518E-23
                        Std dev  =  0.2505E-24
                       Cross sec =  0.3518E-23
             Chi**2 per DoF.     =      1.8219
 -------------------------------------------------------------------------------
 Found          380  events.
 Wrote           26  events.
 Actual xsec    3.5181064214134291E-024
 Correct abs xsec    3.5181064214134291E-024
 Event xsec    3.5181064214134262E-024
 Events wgts > 1:            1
 % Cross section > 1:    2.0542053636404223E-032   5.8389517472729817E-007
-------------------------------------------------
---------------------------
 Results Last   3 iters: Integral =   0.3518E-23
                     Abs integral =   0.3518E-23
                          Std dev =   0.2505E-24
                  Chi**2 per DoF. =      8.0195
-------------------------------------------------
---------------------------
 Status  0.10000000000000001                4           5

ls status:
events.lhe
ftn26
input_app.txt
results.dat
run1_app.log
