 Process in group number            1
 A PDF is used, so alpha_s(MZ) is going to be modified
 Old value of alpha_s from param_card:   0.11839999999999999     
  ****************************************
 
       NNPDFDriver version 1.0.3
   Grid: NNPDF23_lo_as_0130_qed_mem0.grid
  ****************************************
 New value of alpha_s from PDF nn23lo1:  0.13000000000000000     
 Define smin to   100.00000000000000     
 Define smin to   100.00000000000000     
 *****************************************************
 *               MadGraph/MadEvent                   *
 *        --------------------------------           *
 *          http://madgraph.hep.uiuc.edu             *
 *          http://madgraph.phys.ucl.ac.be           *
 *          http://madgraph.roma2.infn.it            *
 *        --------------------------------           *
 *                                                   *
 *          PARAMETER AND COUPLING VALUES            *
 *                                                   *
 *****************************************************

  External Params
  ---------------------------------
  
 mdl_thm =    9.9999999999999995E-008
 mdl_the =    1.0000000000000000E-002
 mdl_tht =    1.0000000000000000E-002
 mdl_cabi =   0.22773599999999999     
 aEWM1 =    127.90000000000001     
 mdl_Gf =    1.1663700000000000E-005
 aS =   0.11839999999999999     
 mdl_ymdo =    5.0400000000000002E-003
 mdl_ymup =    2.5500000000000002E-003
 mdl_yms =   0.10100000000000001     
 mdl_ymc =    1.2700000000000000     
 mdl_ymb =    4.7000000000000002     
 mdl_ymt =    172.00000000000000     
 mdl_yme =    5.1099999999999995E-004
 mdl_ymm =   0.10566000000000000     
 mdl_ymtau =    1.7769999999999999     
 mdl_MZ =    91.187600000000003     
 mdl_Me =    5.1099999999999995E-004
 mdl_MMU =   0.10566000000000000     
 mdl_MTA =    1.7769999999999999     
 mdl_MU =    2.5500000000000002E-003
 mdl_MC =    1.2700000000000000     
 mdl_MT =    172.00000000000000     
 mdl_MD =    5.0400000000000002E-003
 mdl_MS =   0.10100000000000001     
 mdl_MB =    4.7000000000000002     
 mdl_MNR =    2.0000000000000000     
 mdl_MH =    125.00000000000000     
 mdl_WZ =    2.4952000000000001     
 mdl_WW =    2.0850000000000000     
 mdl_Wc =    1.0000000000000000E-003
 mdl_WT =    1.5083359999999999     
 mdl_Wb =    1.0000000000000000E-003
 mdl_WNR =    1.3599690000000001E-015
 mdl_WH =    4.0699999999999998E-003
  Internal Params
  ---------------------------------
  
 mdl_cos__cabi =   0.97418004031982097     
 mdl_CKM1x1 =               (0.97418004031982097,0.0000000000000000)
 mdl_sin__cabi =   0.22577256042856930     
 mdl_CKM1x2 =               (0.22577256042856930,0.0000000000000000)
 mdl_CKM1x3 =          (3.51000000000000010E-003,0.0000000000000000)
 mdl_CKM2x1 =              (-0.22577256042856930,0.0000000000000000)
 mdl_CKM2x2 =               (0.97418004031982097,0.0000000000000000)
 mdl_CKM2x3 =          (4.12000000000000005E-002,0.0000000000000000)
 mdl_CKM3x1 =          (8.67000000000000062E-003,0.0000000000000000)
 mdl_CKM3x2 =          (4.03999999999999984E-002,0.0000000000000000)
 mdl_CKM3x3 =               (0.99914599999999998,0.0000000000000000)
 mdl_MZ__exp__2 =    8315.1783937600012     
 mdl_MZ__exp__4 =    69142191.720053151     
 mdl_sqrt__2 =    1.4142135623730951     
 mdl_MH__exp__2 =    15625.000000000000     
 mdl_complexi =                (0.0000000000000000,1.0000000000000000)
 mdl_conjg__CKM1x1 =              (0.97418004031982097,-0.0000000000000000)
 mdl_conjg__CKM1x2 =              (0.22577256042856930,-0.0000000000000000)
 mdl_conjg__CKM1x3 =         (3.51000000000000010E-003,-0.0000000000000000)
 mdl_conjg__CKM2x1 =             (-0.22577256042856930,-0.0000000000000000)
 mdl_conjg__CKM2x2 =              (0.97418004031982097,-0.0000000000000000)
 mdl_conjg__CKM2x3 =         (4.12000000000000005E-002,-0.0000000000000000)
 mdl_conjg__CKM3x1 =         (8.67000000000000062E-003,-0.0000000000000000)
 mdl_conjg__CKM3x2 =         (4.03999999999999984E-002,-0.0000000000000000)
 mdl_conjg__CKM3x3 =              (0.99914599999999998,-0.0000000000000000)
 mdl_aEW =    7.8186082877247844E-003
 mdl_MW =    79.824359746197842     
 mdl_sqrt__aEW =    8.8422894590285753E-002
 mdl_ee =   0.31345100004952897     
 mdl_MW__exp__2 =    6371.9284088904105     
 mdl_sw2 =   0.23369913342182447     
 mdl_cw =   0.87538612427783857     
 mdl_sqrt__sw2 =   0.48342438232036300     
 mdl_sw =   0.48342438232036300     
 mdl_g1 =   0.35807170271074895     
 mdl_gw =   0.64839716719502682     
 mdl_vev =    246.22056907348590     
 mdl_vev__exp__2 =    60624.568634871241     
 mdl_lam =   0.12886689630821144     
 mdl_yb =    2.6995322804122722E-002
 mdl_yc =    7.2944808428161397E-003
 mdl_ydo =    2.8948175943144366E-005
 mdl_ye =    2.9350233942354699E-006
 mdl_ym =    6.0687783137949077E-004
 mdl_ys =    5.8011225600348830E-004
 mdl_yt =   0.98791394091683138     
 mdl_ytau =    1.0206529494239589E-002
 mdl_yup =    1.4646398542662327E-005
 mdl_muH =    88.388347648318444     
 mdl_ee__exp__2 =    9.8251529432049817E-002
 mdl_sw__exp__2 =   0.23369913342182450     
 mdl_cw__exp__2 =   0.76630086657817542     
  Internal Params evaluated point by point
  ----------------------------------------
  
 mdl_sqrt__aS =   0.34409301068170506     
 mdl_G__exp__2 =    1.4878582807401259     
  Couplings of SM_RHN_UFO
  ---------------------------------
  
        GC_13 =   0.00000E+00   0.45849E+00
        GC_14 =   0.00000E+00   0.44665E+00
        GC_15 =   0.00000E+00   0.10351E+00
        GC_17 =  -0.00000E+00  -0.10351E+00
        GC_18 =   0.00000E+00   0.44665E+00
        GC_23 =  -0.00000E+00  -0.28380E+00
        GC_27 =   0.00000E+00   0.86550E-01
        GC_35 =  -0.00000E+00  -0.45849E-07
        GC_36 =  -0.00000E+00  -0.37035E-07
        GC_40 =  -0.00000E+00  -0.81228E-09
        GC_49 =  -0.00000E+00  -0.42913E-03
        GC_54 =   0.00000E+00   0.44665E+00
        GC_55 =   0.00000E+00   0.10351E+00
        GC_57 =   0.00000E+00  -0.10351E+00
        GC_58 =   0.00000E+00   0.44665E+00

 Collider parameters:
 --------------------

 Running at P P   machine @    13000.000000000000       GeV
 PDF set = nn23lo1
 alpha_s(Mz)= 0.1300 running at 2 loops.
 alpha_s(Mz)= 0.1300 running at 2 loops.
 Renormalization scale set on event-by-event basis
 Factorization   scale set on event-by-event basis


 getting user params
Enter number of events and max and min iterations: 
 Number of events and iterations         1000           5           3
Enter desired fractional accuracy: 
 Desired fractional accuracy:   0.10000000000000001     
Enter 0 for fixed, 2 for adjustable grid: 
Suppress amplitude (0 no, 1 yes)? 
 Using suppressed amplitude.
Exact helicity sum (0 yes, n = number/event)? 
 Explicitly summing over helicities
Enter Configuration Number: 
Running Configuration Number:    1
 Using dconfig=          14
 BW Setting            2           1           1           0
 Attempting mappinvarients           1           6
 Completed mapping           6
 about to integrate           10        1000           5           3          10           1
 Using non-zero grid deformation.
 10 dimensions   1000 events 10 invarients  5 iterations  1 config(s),  (0.99)
 Using h-tuple random number sequence.
 Error opening grid
 Using Uniform Grid!          24
 Using uniform alpha   1.0000000000000000     
 Grid defined OK
 Set CM energy to      13000.00
 Mapping Graph           1  to config           1
Setting grid   1    0.26424E-09   1
 Setting BW          -2           2   2.0000000000000000     
 Setting PDF BW           9           3   79.824359746197842     
 Transforming s_hat BW    3.7703718395801249E-005   9.8481532586285519E-007
   1   1   2   3   4   5   6   7   8   9  10
 Masses: 0.255E-02 0.504E-02 0.106E+00 0.106E+00 0.106E+00 0.000E+00
Using random seed offsets     1 :      1
  with seed                   24
 Ranmar initialization seeds       31059        9398
 
 ********************************************
 * You are using the DiscreteSampler module *
 *      part of the MG5_aMC framework       *
 *         Author: Valentin Hirschi         *
 ********************************************
 
  Particle       3       4       5       6
      Et >    10.0     0.0     0.0     0.0
       E >     0.0     0.0     0.0     0.0
     Eta <     2.5    -1.0    -1.0    -1.0
   xqcut:      0.0     0.0     0.0     0.0
d R # 3  >    -0.0     0.0     0.0     0.0
d R # 4  >    -0.0    -0.0     0.0     0.0
d R # 5  >    -0.0    -0.0    -0.0     0.0
s min # 3>     0.0     0.0     0.0     0.0
s min # 4>     0.0     0.0     0.0     0.0
s min # 5>     0.0     0.0     0.0     0.0
xqcutij # 3>     0.0     0.0     0.0     0.0
xqcutij # 4>     0.0     0.0     0.0     0.0
xqcutij # 5>     0.0     0.0     0.0     0.0
 Excluding BW           -1           1
 Requiring BW           -2           2
 Requiring BW           -3           3
 alpha_s for scale    79.973338578863164       is   0.13291270902555169     
 Added good helicity           17   2.2746243972041834E-008  in event            1 local:           1
 Added good helicity           33   8.8852822865690288E-008  in event            1 local:           1
 Added good helicity           35   1.3046816362801002E-008  in event            1 local:           1
 Added good helicity           37   3.2668569985352453E-008  in event            1 local:           1
 Added good helicity           49   40.399776956425157       in event            1 local:           1
 Added good helicity           51   5.9657539691437877       in event            1 local:           1
 Added good helicity           53   14.826455941458562       in event            1 local:           1
 Added good helicity           55   2.8079513624734633       in event            1 local:           1
 Added good helicity           57   3.8880651424907852E-005  in event            1 local:           1
 Added good helicity           59   5.7414277512279842E-006  in event            1 local:           1
 Added good helicity           61   1.4268946730779526E-005  in event            1 local:           1
 Added good helicity           63   2.7023658635586285E-006  in event            1 local:           1
 Added good helicity           17   2.2746243972041145E-008  in event            1 local:           1
 Added good helicity           33   8.8852822865687628E-008  in event            1 local:           1
 Added good helicity           35   1.3046816362801822E-008  in event            1 local:           1
 Added good helicity           37   3.2668569985354365E-008  in event            1 local:           1
 Added good helicity           49   40.399776956424134       in event            1 local:           1
 Added good helicity           51   5.9657539691441563       in event            1 local:           1
 Added good helicity           53   14.826455941459406       in event            1 local:           1
 Added good helicity           55   2.8079513624732768       in event            1 local:           1
 Added good helicity           57   3.8880651424906903E-005  in event            1 local:           1
 Added good helicity           59   5.7414277512283425E-006  in event            1 local:           1
 Added good helicity           61   1.4268946730780339E-005  in event            1 local:           1
 Added good helicity           63   2.7023658635584506E-006  in event            1 local:           1
 Added good helicity           19   3.8315831417018738E-008  in event            3 local:           2
 Added good helicity           23   7.6309936485924332E-008  in event            3 local:           2
 Added good helicity           39   2.9798865037612303E-007  in event            3 local:           2
 Added good helicity           19   3.8315831417019188E-008  in event            4 local:           3
 Added good helicity           23   7.6309936485924702E-008  in event            4 local:           3
 Added good helicity           39   2.9798865037612457E-007  in event            4 local:           3
 RESET CUMULATIVE VARIABLE
 RESET CUMULATIVE VARIABLE
 RESET CUMULATIVE VARIABLE
 Iteration  1   Mean: 0.5492E-32 Abs mean: 0.5492E-32   Fluctuation:  0.615E-33   0.321E-30    16.4%
  1    0.5492E-32 0.5492E-32 +- 0.6148E-33      3.54
 Writing out events   6.6962928804016766E-036   3.5399689571948314     
 Relative summed weights:
  0.2512E+00  0.2546E+00  0.2462E+00  0.2480E+00
 Relative number of events:
  0.1103E+00  0.1044E+00  0.3892E+00  0.3961E+00
 Events:
         112         106         395         402
 Iteration  2   Mean: 0.5389E-32 Abs mean: 0.5389E-32   Fluctuation:  0.273E-33   0.302E-30    57.2%
  2    0.5389E-32 0.5389E-32 +- 0.2735E-33      2.27
 Relative summed weights:
  0.2405E+00  0.2397E+00  0.2531E+00  0.2667E+00
 Relative number of events:
  0.8650E-01  0.1015E+00  0.4210E+00  0.3910E+00
 Events:
         173         203         842         782
 Iteration  3   Mean: 0.5431E-32 Abs mean: 0.5431E-32   Fluctuation:  0.137E-33   0.123E-30    65.5%
  3    0.5431E-32 0.5431E-32 +- 0.1374E-33      1.60
 Relative summed weights:
  0.2506E+00  0.2521E+00  0.2313E+00  0.2660E+00
 Relative number of events:
  0.1037E+00  0.1040E+00  0.3817E+00  0.4105E+00
 Events:
         415         416        1527        1642
 Accuracy:    0.003   0.100   0.022   0.016
 Finished due to accuracy    2.7751860187565226E-003  0.10000000000000001     

 -------------------------------------------------------------------------------
 Accumulated results:   Integral =  0.5425E-32
                        Std dev  =  0.1204E-33
                       Cross sec =  0.5425E-32
             Chi**2 per DoF.     =      0.0156
 -------------------------------------------------------------------------------
 Found          581  events.
 Wrote          444  events.
 Actual xsec    5.4250285809601534E-033
 Correct abs xsec    5.4250285809601534E-033
 Event xsec    5.4250285809600863E-033
 Events wgts > 1:           18
 % Cross section > 1:    5.2302877231902925E-035  0.96410325680987841     
-------------------------------------------------
---------------------------
 Results Last   3 iters: Integral =   0.5425E-32
                     Abs integral =   0.5425E-32
                          Std dev =   0.1204E-33
                  Chi**2 per DoF. =      0.0156
-------------------------------------------------
---------------------------
 Status  0.10000000000000001                4           5

ls status:
events.lhe
ftn26
input_app.txt
results.dat
run1_app.log
